0001_0011_0028_0096_0096.jpg 1 11 28 96 96
0002_0013_0010_0127_0127.jpg 1 13 10 127 127
0003_0079_0064_0077_0077.jpg 1 79 64 77 77
0004_0059_0097_0048_0048.jpg 1 59 97 48 48
0005_0022_0035_0039_0039.jpg 1 22 35 39 39
0006_0094_0039_0082_0082.jpg 1 94 39 82 82
0007_0032_0052_0132_0132.jpg 1 32 52 132 132
0008_0077_0050_0086_0086.jpg 1 77 50 86 86
0009_0016_0059_0048_0048.jpg 1 16 59 48 48
0010_0064_0040_0041_0041.jpg 1 64 40 41 41
0011_0140_0078_0040_0040.jpg 1 140 78 40 40
0012_0083_0081_0061_0061.jpg 1 83 81 61 61
0013_0021_0028_0137_0137.jpg 1 21 28 137 137
0014_0036_0032_0124_0124.jpg 1 36 32 124 124
0015_0041_0027_0132_0132.jpg 1 41 27 132 132
0016_0119_0099_0060_0060.jpg 1 119 99 60 60
0017_0030_0042_0122_0122.jpg 1 30 42 122 122
0018_0024_0019_0122_0122.jpg 1 24 19 122 122
0019_0035_0056_0081_0081.jpg 1 35 56 81 81
0020_0027_0056_0131_0131.jpg 1 27 56 131 131
0021_0075_0110_0067_0067.jpg 1 75 110 67 67
0022_0037_0050_0117_0117.jpg 1 37 50 117 117
0023_0051_0065_0106_0106.jpg 1 51 65 106 106
0024_0090_0052_0091_0091.jpg 1 90 52 91 91
0025_0015_0021_0104_0104.jpg 1 15 21 104 104
0026_0026_0132_0027_0027.jpg 1 26 132 27 27
0027_0018_0070_0069_0069.jpg 1 18 70 69 69
0028_0101_0096_0064_0064.jpg 1 101 96 64 64
0029_0061_0019_0048_0048.jpg 1 61 19 48 48
0030_0031_0033_0072_0072.jpg 1 31 33 72 72
0031_0083_0040_0076_0076.jpg 1 83 40 76 76
0032_0068_0010_0116_0116.jpg 1 68 10 116 116
0033_0061_0056_0103_0103.jpg 1 61 56 103 103
0034_0071_0032_0099_0099.jpg 1 71 32 99 99
0035_0080_0081_0109_0109.jpg 1 80 81 109 109
0036_0045_0018_0096_0096.jpg 1 45 18 96 96
0037_0075_0101_0042_0042.jpg 1 75 101 42 42
0038_0069_0062_0063_0063.jpg 1 69 62 63 63
0039_0062_0118_0063_0063.jpg 1 62 118 63 63
0040_0121_0053_0055_0055.jpg 1 121 53 55 55
0041_0062_0074_0101_0101.jpg 1 62 74 101 101
0042_0039_0103_0031_0031.jpg 1 39 103 31 31
0043_0128_0113_0044_0044.jpg 1 128 113 44 44
0044_0116_0020_0032_0032.jpg 1 116 20 32 32
0045_0008_0009_0135_0135.jpg 1 8 9 135 135
0046_0028_0015_0134_0134.jpg 1 28 15 134 134
0047_0108_0066_0071_0071.jpg 1 108 66 71 71
0048_0066_0033_0062_0062.jpg 1 66 33 62 62
0049_0131_0125_0042_0042.jpg 1 131 125 42 42
0050_0082_0095_0050_0050.jpg 1 82 95 50 50
0051_0088_0081_0095_0095.jpg 1 88 81 95 95
0052_0117_0110_0061_0061.jpg 1 117 110 61 61
0053_0087_0083_0086_0086.jpg 1 87 83 86 86
0054_0038_0031_0135_0135.jpg 1 38 31 135 135
0055_0013_0039_0065_0065.jpg 1 13 39 65 65
0056_0035_0062_0108_0108.jpg 1 35 62 108 108
0057_0043_0066_0111_0111.jpg 1 43 66 111 111
0058_0111_0034_0052_0052.jpg 1 111 34 52 52
0059_0071_0065_0074_0074.jpg 1 71 65 74 74
0060_0096_0095_0080_0080.jpg 1 96 95 80 80
0061_0033_0019_0106_0106.jpg 1 33 19 106 106
0062_0059_0079_0094_0094.jpg 1 59 79 94 94
0063_0047_0028_0077_0077.jpg 1 47 28 77 77
0064_0033_0028_0089_0089.jpg 1 33 28 89 89
0065_0015_0055_0136_0136.jpg 1 15 55 136 136
0066_0050_0049_0127_0127.jpg 1 50 49 127 127
0067_0084_0110_0053_0053.jpg 1 84 110 53 53
0068_0033_0021_0136_0136.jpg 1 33 21 136 136
0069_0016_0035_0120_0120.jpg 1 16 35 120 120
0070_0034_0063_0128_0128.jpg 1 34 63 128 128
0071_0033_0045_0091_0091.jpg 1 33 45 91 91
0072_0081_0034_0079_0079.jpg 1 81 34 79 79
0073_0020_0009_0126_0126.jpg 1 20 9 126 126
0074_0028_0068_0114_0114.jpg 1 28 68 114 114
0075_0069_0078_0112_0112.jpg 1 69 78 112 112
0076_0068_0085_0068_0068.jpg 1 68 85 68 68
0077_0071_0068_0107_0107.jpg 1 71 68 107 107
0078_0020_0055_0111_0111.jpg 1 20 55 111 111
0079_0056_0082_0090_0090.jpg 1 56 82 90 90
0080_0089_0039_0040_0040.jpg 1 89 39 40 40
0081_0043_0062_0122_0122.jpg 1 43 62 122 122
0082_0101_0051_0063_0063.jpg 1 101 51 63 63
0083_0071_0066_0078_0078.jpg 1 71 66 78 78
0084_0053_0037_0075_0075.jpg 1 53 37 75 75
0085_0063_0039_0113_0113.jpg 1 63 39 113 113
0086_0072_0076_0057_0057.jpg 1 72 76 57 57
0087_0017_0097_0078_0078.jpg 1 17 97 78 78
0088_0015_0043_0089_0089.jpg 1 15 43 89 89
0089_0099_0082_0077_0077.jpg 1 99 82 77 77
0090_0058_0013_0109_0109.jpg 1 58 13 109 109
0091_0098_0114_0043_0043.jpg 1 98 114 43 43
0092_0016_0043_0134_0134.jpg 1 16 43 134 134
0093_0041_0061_0063_0063.jpg 1 41 61 63 63
0094_0066_0053_0048_0048.jpg 1 66 53 48 48
0095_0063_0034_0091_0091.jpg 1 63 34 91 91
0096_0124_0050_0037_0037.jpg 1 124 50 37 37
0097_0061_0069_0055_0055.jpg 1 61 69 55 55
0098_0015_0059_0105_0105.jpg 1 15 59 105 105
0099_0032_0089_0093_0093.jpg 1 32 89 93 93
0100_0049_0101_0027_0027.jpg 1 49 101 27 27
0101_0038_0019_0114_0114.jpg 1 38 19 114 114
0102_0071_0049_0036_0036.jpg 1 71 49 36 36
0103_0079_0041_0104_0104.jpg 1 79 41 104 104
0104_0007_0011_0125_0125.jpg 1 7 11 125 125
0105_0053_0066_0066_0066.jpg 1 53 66 66 66
0106_0008_0011_0113_0113.jpg 1 8 11 113 113
0107_0031_0054_0135_0135.jpg 1 31 54 135 135
0108_0034_0149_0027_0027.jpg 1 34 149 27 27
0109_0012_0060_0099_0099.jpg 1 12 60 99 99
0110_0042_0014_0061_0061.jpg 1 42 14 61 61
0111_0088_0058_0071_0071.jpg 1 88 58 71 71
0112_0073_0126_0039_0039.jpg 1 73 126 39 39
0113_0108_0111_0050_0050.jpg 1 108 111 50 50
0114_0009_0079_0104_0104.jpg 1 9 79 104 104
0115_0031_0059_0103_0103.jpg 1 31 59 103 103
0116_0023_0021_0038_0038.jpg 1 23 21 38 38
0117_0090_0056_0076_0076.jpg 1 90 56 76 76
0118_0035_0026_0111_0111.jpg 1 35 26 111 111
0119_0027_0057_0136_0136.jpg 1 27 57 136 136
0120_0101_0028_0077_0077.jpg 1 101 28 77 77
0121_0049_0039_0135_0135.jpg 1 49 39 135 135
0122_0063_0070_0064_0064.jpg 1 63 70 64 64
0123_0033_0054_0132_0132.jpg 1 33 54 132 132
0124_0079_0028_0067_0067.jpg 1 79 28 67 67
0125_0055_0007_0135_0135.jpg 1 55 7 135 135
0126_0109_0114_0047_0047.jpg 1 109 114 47 47
0127_0129_0111_0056_0056.jpg 1 129 111 56 56
0128_0030_0034_0113_0113.jpg 1 30 34 113 113
0129_0015_0104_0046_0046.jpg 1 15 104 46 46
0130_0063_0032_0123_0123.jpg 1 63 32 123 123
0131_0069_0018_0113_0113.jpg 1 69 18 113 113
0132_0122_0145_0034_0034.jpg 1 122 145 34 34
0133_0018_0008_0136_0136.jpg 1 18 8 136 136
0134_0054_0042_0113_0113.jpg 1 54 42 113 113
0135_0047_0125_0052_0052.jpg 1 47 125 52 52
0136_0018_0023_0136_0136.jpg 1 18 23 136 136
0137_0088_0123_0034_0034.jpg 1 88 123 34 34
0138_0054_0019_0062_0062.jpg 1 54 19 62 62
0139_0020_0056_0120_0120.jpg 1 20 56 120 120
0140_0041_0018_0102_0102.jpg 1 41 18 102 102
0141_0069_0102_0060_0060.jpg 1 69 102 60 60
0142_0127_0110_0030_0030.jpg 1 127 110 30 30
0143_0074_0062_0102_0102.jpg 1 74 62 102 102
0144_0123_0014_0060_0060.jpg 1 123 14 60 60
0145_0057_0044_0133_0133.jpg 1 57 44 133 133
0146_0132_0031_0041_0041.jpg 1 132 31 41 41
0147_0063_0089_0040_0040.jpg 1 63 89 40 40
0148_0091_0066_0071_0071.jpg 1 91 66 71 71
0149_0027_0073_0085_0085.jpg 1 27 73 85 85
0150_0048_0107_0053_0053.jpg 1 48 107 53 53
0151_0082_0065_0064_0064.jpg 1 82 65 64 64
0152_0065_0078_0093_0093.jpg 1 65 78 93 93
0153_0047_0084_0066_0066.jpg 1 47 84 66 66
0154_0032_0021_0132_0132.jpg 1 32 21 132 132
0155_0105_0087_0059_0059.jpg 1 105 87 59 59
0156_0067_0026_0122_0122.jpg 1 67 26 122 122
0157_0020_0024_0131_0131.jpg 1 20 24 131 131
0158_0074_0078_0076_0076.jpg 1 74 78 76 76
0159_0076_0053_0114_0114.jpg 1 76 53 114 114
0160_0032_0089_0080_0080.jpg 1 32 89 80 80
0161_0062_0054_0113_0113.jpg 1 62 54 113 113
0162_0103_0041_0061_0061.jpg 1 103 41 61 61
0163_0100_0079_0070_0070.jpg 1 100 79 70 70
0164_0021_0011_0109_0109.jpg 1 21 11 109 109
0165_0043_0036_0137_0137.jpg 1 43 36 137 137
0166_0026_0087_0085_0085.jpg 1 26 87 85 85
0167_0040_0023_0111_0111.jpg 1 40 23 111 111
0168_0132_0072_0049_0049.jpg 1 132 72 49 49
0169_0067_0110_0054_0054.jpg 1 67 110 54 54
0170_0075_0034_0040_0040.jpg 1 75 34 40 40
0171_0076_0044_0043_0043.jpg 1 76 44 43 43
0172_0127_0151_0025_0025.jpg 1 127 151 25 25
0173_0039_0016_0131_0131.jpg 1 39 16 131 131
0174_0047_0083_0040_0040.jpg 1 47 83 40 40
0175_0107_0080_0049_0049.jpg 1 107 80 49 49
0176_0101_0082_0070_0070.jpg 1 101 82 70 70
0177_0034_0023_0134_0134.jpg 1 34 23 134 134
0178_0057_0051_0116_0116.jpg 1 57 51 116 116
0179_0121_0132_0050_0050.jpg 1 121 132 50 50
0180_0021_0007_0137_0137.jpg 1 21 7 137 137
0181_0112_0097_0065_0065.jpg 1 112 97 65 65
0182_0056_0088_0080_0080.jpg 1 56 88 80 80
0183_0047_0045_0131_0131.jpg 1 47 45 131 131
0184_0045_0053_0100_0100.jpg 1 45 53 100 100
0185_0052_0049_0119_0119.jpg 1 52 49 119 119
0186_0105_0092_0068_0068.jpg 1 105 92 68 68
0187_0066_0099_0058_0058.jpg 1 66 99 58 58
0188_0070_0052_0119_0119.jpg 1 70 52 119 119
0189_0026_0010_0136_0136.jpg 1 26 10 136 136
0190_0016_0010_0113_0113.jpg 1 16 10 113 113
0191_0012_0023_0138_0138.jpg 1 12 23 138 138
0192_0033_0060_0106_0106.jpg 1 33 60 106 106
0193_0082_0067_0085_0085.jpg 1 82 67 85 85
0194_0073_0074_0031_0031.jpg 1 73 74 31 31
0195_0019_0047_0139_0139.jpg 1 19 47 139 139
0196_0020_0065_0105_0105.jpg 1 20 65 105 105
0197_0049_0014_0119_0119.jpg 1 49 14 119 119
0198_0128_0132_0049_0049.jpg 1 128 132 49 49
0199_0105_0102_0037_0037.jpg 1 105 102 37 37
0200_0098_0075_0045_0045.jpg 1 98 75 45 45
0201_0029_0055_0051_0051.jpg 1 29 55 51 51
0202_0048_0017_0139_0139.jpg 1 48 17 139 139
0203_0041_0019_0026_0026.jpg 1 41 19 26 26
0204_0057_0012_0135_0135.jpg 1 57 12 135 135
0205_0056_0059_0131_0131.jpg 1 56 59 131 131
0206_0013_0040_0084_0084.jpg 1 13 40 84 84
0207_0096_0086_0025_0025.jpg 1 96 86 25 25
0208_0059_0059_0061_0061.jpg 1 59 59 61 61
0209_0129_0040_0053_0053.jpg 1 129 40 53 53
0210_0099_0130_0035_0035.jpg 1 99 130 35 35
0211_0042_0053_0086_0086.jpg 1 42 53 86 86
0212_0055_0047_0104_0104.jpg 1 55 47 104 104
0213_0037_0055_0136_0136.jpg 1 37 55 136 136
0214_0104_0094_0072_0072.jpg 1 104 94 72 72
0215_0095_0098_0063_0063.jpg 1 95 98 63 63
0216_0064_0051_0064_0064.jpg 1 64 51 64 64
0217_0030_0085_0072_0072.jpg 1 30 85 72 72
0218_0068_0085_0060_0060.jpg 1 68 85 60 60
0219_0076_0040_0069_0069.jpg 1 76 40 69 69
0220_0074_0116_0028_0028.jpg 1 74 116 28 28
0221_0069_0088_0048_0048.jpg 1 69 88 48 48
0222_0094_0113_0039_0039.jpg 1 94 113 39 39
0223_0032_0026_0114_0114.jpg 1 32 26 114 114
0224_0066_0101_0025_0025.jpg 1 66 101 25 25
0225_0067_0083_0054_0054.jpg 1 67 83 54 54
0226_0044_0055_0041_0041.jpg 1 44 55 41 41
0227_0030_0039_0077_0077.jpg 1 30 39 77 77
0228_0009_0047_0138_0138.jpg 1 9 47 138 138
0229_0061_0074_0107_0107.jpg 1 61 74 107 107
0230_0007_0047_0129_0129.jpg 1 7 47 129 129
0231_0068_0026_0122_0122.jpg 1 68 26 122 122
0232_0058_0034_0131_0131.jpg 1 58 34 131 131
0233_0009_0009_0125_0125.jpg 1 9 9 125 125
0234_0014_0075_0110_0110.jpg 1 14 75 110 110
0235_0023_0071_0067_0067.jpg 1 23 71 67 67
0236_0016_0025_0034_0034.jpg 1 16 25 34 34
0237_0036_0024_0137_0137.jpg 1 36 24 137 137
0238_0054_0021_0082_0082.jpg 1 54 21 82 82
0239_0042_0067_0091_0091.jpg 1 42 67 91 91
0240_0063_0025_0079_0079.jpg 1 63 25 79 79
0241_0092_0104_0064_0064.jpg 1 92 104 64 64
0242_0023_0052_0125_0125.jpg 1 23 52 125 125
0243_0035_0120_0030_0030.jpg 1 35 120 30 30
0244_0107_0016_0059_0059.jpg 1 107 16 59 59
0245_0016_0080_0110_0110.jpg 1 16 80 110 110
0246_0058_0041_0108_0108.jpg 1 58 41 108 108
0247_0065_0042_0126_0126.jpg 1 65 42 126 126
0248_0080_0040_0100_0100.jpg 1 80 40 100 100
0249_0027_0138_0040_0040.jpg 1 27 138 40 40
0250_0102_0024_0073_0073.jpg 1 102 24 73 73
0251_0014_0012_0109_0109.jpg 1 14 12 109 109
0252_0055_0065_0093_0093.jpg 1 55 65 93 93
0253_0037_0110_0034_0034.jpg 1 37 110 34 34
0254_0104_0028_0055_0055.jpg 1 104 28 55 55
0255_0048_0008_0122_0122.jpg 1 48 8 122 122
0256_0041_0068_0032_0032.jpg 1 41 68 32 32
0257_0052_0060_0115_0115.jpg 1 52 60 115 115
0258_0121_0133_0024_0024.jpg 1 121 133 24 24
0259_0025_0029_0112_0112.jpg 1 25 29 112 112
0260_0023_0049_0108_0108.jpg 1 23 49 108 108
0261_0062_0106_0026_0026.jpg 1 62 106 26 26
0262_0010_0052_0129_0129.jpg 1 10 52 129 129
0263_0031_0042_0133_0133.jpg 1 31 42 133 133
0264_0146_0077_0030_0030.jpg 1 146 77 30 30
0265_0030_0089_0038_0038.jpg 1 30 89 38 38
0266_0060_0083_0065_0065.jpg 1 60 83 65 65
0267_0048_0043_0028_0028.jpg 1 48 43 28 28
0268_0064_0065_0062_0062.jpg 1 64 65 62 62
0269_0099_0059_0028_0028.jpg 1 99 59 28 28
0270_0011_0030_0121_0121.jpg 1 11 30 121 121
0271_0087_0083_0043_0043.jpg 1 87 83 43 43
0272_0074_0059_0097_0097.jpg 1 74 59 97 97
0273_0119_0079_0062_0062.jpg 1 119 79 62 62
0274_0023_0044_0059_0059.jpg 1 23 44 59 59
0275_0019_0118_0026_0026.jpg 1 19 118 26 26
0276_0094_0033_0078_0078.jpg 1 94 33 78 78
0277_0062_0123_0061_0061.jpg 1 62 123 61 61
0278_0033_0080_0103_0103.jpg 1 33 80 103 103
0279_0068_0020_0047_0047.jpg 1 68 20 47 47
0280_0013_0021_0068_0068.jpg 1 13 21 68 68
0281_0115_0099_0055_0055.jpg 1 115 99 55 55
0282_0049_0033_0130_0130.jpg 1 49 33 130 130
0283_0105_0059_0071_0071.jpg 1 105 59 71 71
0284_0012_0041_0107_0107.jpg 1 12 41 107 107
0285_0089_0012_0094_0094.jpg 1 89 12 94 94
0286_0058_0086_0068_0068.jpg 1 58 86 68 68
0287_0062_0045_0073_0073.jpg 1 62 45 73 73
0288_0055_0026_0123_0123.jpg 1 55 26 123 123
0289_0107_0030_0057_0057.jpg 1 107 30 57 57
0290_0100_0028_0058_0058.jpg 1 100 28 58 58
0291_0096_0019_0029_0029.jpg 1 96 19 29 29
0292_0062_0042_0125_0125.jpg 1 62 42 125 125
0293_0102_0068_0043_0043.jpg 1 102 68 43 43
0294_0121_0114_0041_0041.jpg 1 121 114 41 41
0295_0049_0070_0108_0108.jpg 1 49 70 108 108
0296_0014_0018_0130_0130.jpg 1 14 18 130 130
0297_0029_0051_0033_0033.jpg 1 29 51 33 33
0298_0090_0054_0085_0085.jpg 1 90 54 85 85
0299_0029_0048_0099_0099.jpg 1 29 48 99 99
0300_0080_0067_0050_0050.jpg 1 80 67 50 50
0301_0068_0043_0110_0110.jpg 1 68 43 110 110
0302_0051_0022_0067_0067.jpg 1 51 22 67 67
0303_0060_0062_0091_0091.jpg 1 60 62 91 91
0304_0100_0097_0084_0084.jpg 1 100 97 84 84
0305_0049_0049_0136_0136.jpg 1 49 49 136 136
0306_0085_0081_0089_0089.jpg 1 85 81 89 89
0307_0012_0104_0082_0082.jpg 1 12 104 82 82
0308_0007_0036_0128_0128.jpg 1 7 36 128 128
0309_0074_0084_0072_0072.jpg 1 74 84 72 72
0310_0022_0041_0066_0066.jpg 1 22 41 66 66
0311_0025_0047_0119_0119.jpg 1 25 47 119 119
0312_0104_0067_0043_0043.jpg 1 104 67 43 43
0313_0124_0123_0059_0059.jpg 1 124 123 59 59
0314_0044_0082_0101_0101.jpg 1 44 82 101 101
0315_0053_0058_0026_0026.jpg 1 53 58 26 26
0316_0015_0035_0115_0115.jpg 1 15 35 115 115
0317_0068_0118_0050_0050.jpg 1 68 118 50 50
0318_0017_0015_0091_0091.jpg 1 17 15 91 91
0319_0079_0045_0063_0063.jpg 1 79 45 63 63
0320_0041_0066_0090_0090.jpg 1 41 66 90 90
0321_0029_0017_0120_0120.jpg 1 29 17 120 120
0322_0083_0068_0074_0074.jpg 1 83 68 74 74
0323_0026_0042_0109_0109.jpg 1 26 42 109 109
0324_0072_0020_0119_0119.jpg 1 72 20 119 119
0325_0090_0039_0053_0053.jpg 1 90 39 53 53
0326_0122_0103_0029_0029.jpg 1 122 103 29 29
0327_0007_0044_0137_0137.jpg 1 7 44 137 137
0328_0015_0017_0134_0134.jpg 1 15 17 134 134
0329_0069_0050_0041_0041.jpg 1 69 50 41 41
0330_0074_0070_0109_0109.jpg 1 74 70 109 109
0331_0014_0058_0084_0084.jpg 1 14 58 84 84
0332_0101_0041_0084_0084.jpg 1 101 41 84 84
0333_0118_0027_0065_0065.jpg 1 118 27 65 65
0334_0031_0046_0130_0130.jpg 1 31 46 130 130
0335_0089_0055_0035_0035.jpg 1 89 55 35 35
0336_0011_0027_0121_0121.jpg 1 11 27 121 121
0337_0057_0026_0107_0107.jpg 1 57 26 107 107
0338_0048_0013_0093_0093.jpg 1 48 13 93 93
0339_0132_0083_0029_0029.jpg 1 132 83 29 29
0340_0028_0033_0076_0076.jpg 1 28 33 76 76
0341_0011_0051_0119_0119.jpg 1 11 51 119 119
0342_0061_0012_0094_0094.jpg 1 61 12 94 94
0343_0032_0008_0135_0135.jpg 1 32 8 135 135
0344_0058_0014_0075_0075.jpg 1 58 14 75 75
0345_0045_0026_0125_0125.jpg 1 45 26 125 125
0346_0012_0020_0120_0120.jpg 1 12 20 120 120
0347_0033_0018_0026_0026.jpg 1 33 18 26 26
0348_0079_0069_0081_0081.jpg 1 79 69 81 81
0349_0097_0121_0034_0034.jpg 1 97 121 34 34
0350_0050_0011_0112_0112.jpg 1 50 11 112 112
0351_0032_0065_0091_0091.jpg 1 32 65 91 91
0352_0084_0055_0085_0085.jpg 1 84 55 85 85
0353_0016_0030_0120_0120.jpg 1 16 30 120 120
0354_0093_0072_0050_0050.jpg 1 93 72 50 50
0355_0034_0038_0073_0073.jpg 1 34 38 73 73
0356_0020_0092_0096_0096.jpg 1 20 92 96 96
0357_0102_0073_0026_0026.jpg 1 102 73 26 26
0358_0102_0014_0068_0068.jpg 1 102 14 68 68
0359_0015_0066_0097_0097.jpg 1 15 66 97 97
0360_0027_0110_0037_0037.jpg 1 27 110 37 37
0361_0016_0077_0095_0095.jpg 1 16 77 95 95
0362_0036_0011_0134_0134.jpg 1 36 11 134 134
0363_0038_0052_0093_0093.jpg 1 38 52 93 93
0364_0037_0013_0121_0121.jpg 1 37 13 121 121
0365_0083_0041_0054_0054.jpg 1 83 41 54 54
0366_0069_0053_0058_0058.jpg 1 69 53 58 58
0367_0026_0061_0104_0104.jpg 1 26 61 104 104
0368_0012_0061_0112_0112.jpg 1 12 61 112 112
0369_0084_0043_0099_0099.jpg 1 84 43 99 99
0370_0084_0098_0077_0077.jpg 1 84 98 77 77
0371_0012_0038_0089_0089.jpg 1 12 38 89 89
0372_0037_0046_0135_0135.jpg 1 37 46 135 135
0373_0042_0016_0098_0098.jpg 1 42 16 98 98
0374_0052_0017_0114_0114.jpg 1 52 17 114 114
0375_0073_0068_0061_0061.jpg 1 73 68 61 61
0376_0103_0143_0035_0035.jpg 1 103 143 35 35
0377_0019_0036_0101_0101.jpg 1 19 36 101 101
0378_0028_0044_0132_0132.jpg 1 28 44 132 132
0379_0092_0112_0058_0058.jpg 1 92 112 58 58
0380_0102_0069_0040_0040.jpg 1 102 69 40 40
0381_0077_0096_0080_0080.jpg 1 77 96 80 80
0382_0054_0033_0138_0138.jpg 1 54 33 138 138
0383_0059_0064_0085_0085.jpg 1 59 64 85 85
0384_0125_0052_0060_0060.jpg 1 125 52 60 60
0385_0148_0128_0029_0029.jpg 1 148 128 29 29
0386_0074_0040_0100_0100.jpg 1 74 40 100 100
0387_0026_0059_0060_0060.jpg 1 26 59 60 60
0388_0094_0083_0028_0028.jpg 1 94 83 28 28
0389_0049_0049_0119_0119.jpg 1 49 49 119 119
0390_0008_0054_0134_0134.jpg 1 8 54 134 134
0391_0010_0036_0138_0138.jpg 1 10 36 138 138
0392_0055_0051_0108_0108.jpg 1 55 51 108 108
0393_0077_0115_0049_0049.jpg 1 77 115 49 49
0394_0048_0035_0052_0052.jpg 1 48 35 52 52
0395_0020_0070_0060_0060.jpg 1 20 70 60 60
0396_0022_0080_0059_0059.jpg 1 22 80 59 59
0397_0019_0102_0055_0055.jpg 1 19 102 55 55
0398_0101_0056_0085_0085.jpg 1 101 56 85 85
0399_0023_0009_0137_0137.jpg 1 23 9 137 137
0400_0106_0042_0064_0064.jpg 1 106 42 64 64
0401_0036_0014_0123_0123.jpg 1 36 14 123 123
0402_0091_0048_0092_0092.jpg 1 91 48 92 92
0403_0077_0061_0072_0072.jpg 1 77 61 72 72
0404_0026_0008_0126_0126.jpg 1 26 8 126 126
0405_0016_0115_0051_0051.jpg 1 16 115 51 51
0406_0082_0071_0104_0104.jpg 1 82 71 104 104
0407_0044_0062_0115_0115.jpg 1 44 62 115 115
0408_0073_0060_0108_0108.jpg 1 73 60 108 108
0409_0065_0044_0064_0064.jpg 1 65 44 64 64
0410_0104_0024_0055_0055.jpg 1 104 24 55 55
0411_0008_0006_0137_0137.jpg 1 8 6 137 137
0412_0145_0126_0028_0028.jpg 1 145 126 28 28
0413_0024_0047_0063_0063.jpg 1 24 47 63 63
0414_0031_0050_0137_0137.jpg 1 31 50 137 137
0415_0026_0012_0104_0104.jpg 1 26 12 104 104
0416_0097_0029_0046_0046.jpg 1 97 29 46 46
0417_0050_0036_0080_0080.jpg 1 50 36 80 80
0418_0054_0122_0024_0024.jpg 1 54 122 24 24
0419_0045_0139_0037_0037.jpg 1 45 139 37 37
0420_0108_0036_0055_0055.jpg 1 108 36 55 55
0421_0092_0016_0081_0081.jpg 1 92 16 81 81
0422_0031_0047_0110_0110.jpg 1 31 47 110 110
0423_0024_0009_0114_0114.jpg 1 24 9 114 114
0424_0021_0055_0111_0111.jpg 1 21 55 111 111
0425_0132_0053_0047_0047.jpg 1 132 53 47 47
0426_0061_0032_0038_0038.jpg 1 61 32 38 38
0427_0041_0032_0092_0092.jpg 1 41 32 92 92
0428_0141_0066_0035_0035.jpg 1 141 66 35 35
0429_0090_0056_0070_0070.jpg 1 90 56 70 70
0430_0153_0102_0025_0025.jpg 1 153 102 25 25
0431_0029_0067_0101_0101.jpg 1 29 67 101 101
0432_0057_0041_0038_0038.jpg 1 57 41 38 38
0433_0056_0076_0110_0110.jpg 1 56 76 110 110
0434_0070_0060_0043_0043.jpg 1 70 60 43 43
0435_0083_0076_0100_0100.jpg 1 83 76 100 100
0436_0075_0033_0079_0079.jpg 1 75 33 79 79
0437_0049_0051_0063_0063.jpg 1 49 51 63 63
0438_0062_0107_0041_0041.jpg 1 62 107 41 41
0439_0016_0055_0087_0087.jpg 1 16 55 87 87
0440_0036_0019_0136_0136.jpg 1 36 19 136 136
0441_0077_0024_0095_0095.jpg 1 77 24 95 95
0442_0121_0063_0065_0065.jpg 1 121 63 65 65
0443_0096_0085_0083_0083.jpg 1 96 85 83 83
0444_0135_0027_0035_0035.jpg 1 135 27 35 35
0445_0014_0102_0069_0069.jpg 1 14 102 69 69
0446_0097_0093_0039_0039.jpg 1 97 93 39 39
0447_0011_0009_0123_0123.jpg 1 11 9 123 123
0448_0057_0069_0111_0111.jpg 1 57 69 111 111
0449_0099_0075_0051_0051.jpg 1 99 75 51 51
0450_0069_0030_0059_0059.jpg 1 69 30 59 59
0451_0034_0050_0092_0092.jpg 1 34 50 92 92
0452_0055_0015_0128_0128.jpg 1 55 15 128 128
0453_0065_0067_0107_0107.jpg 1 65 67 107 107
0454_0023_0135_0042_0042.jpg 1 23 135 42 42
0455_0055_0075_0077_0077.jpg 1 55 75 77 77
0456_0101_0137_0032_0032.jpg 1 101 137 32 32
0457_0058_0075_0113_0113.jpg 1 58 75 113 113
0458_0079_0063_0025_0025.jpg 1 79 63 25 25
0459_0063_0025_0124_0124.jpg 1 63 25 124 124
0460_0018_0106_0059_0059.jpg 1 18 106 59 59
0461_0050_0012_0126_0126.jpg 1 50 12 126 126
0462_0131_0067_0047_0047.jpg 1 131 67 47 47
0463_0023_0059_0124_0124.jpg 1 23 59 124 124
0464_0031_0032_0114_0114.jpg 1 31 32 114 114
0465_0040_0102_0078_0078.jpg 1 40 102 78 78
0466_0078_0038_0112_0112.jpg 1 78 38 112 112
0467_0110_0052_0048_0048.jpg 1 110 52 48 48
0468_0073_0090_0044_0044.jpg 1 73 90 44 44
0469_0098_0041_0030_0030.jpg 1 98 41 30 30
0470_0036_0032_0058_0058.jpg 1 36 32 58 58
0471_0105_0111_0033_0033.jpg 1 105 111 33 33
0472_0035_0030_0054_0054.jpg 1 35 30 54 54
0473_0050_0053_0138_0138.jpg 1 50 53 138 138
0474_0116_0041_0042_0042.jpg 1 116 41 42 42
0475_0108_0116_0050_0050.jpg 1 108 116 50 50
0476_0069_0047_0054_0054.jpg 1 69 47 54 54
0477_0030_0057_0117_0117.jpg 1 30 57 117 117
0478_0069_0071_0074_0074.jpg 1 69 71 74 74
0479_0041_0046_0067_0067.jpg 1 41 46 67 67
0480_0044_0123_0057_0057.jpg 1 44 123 57 57
0481_0019_0058_0115_0115.jpg 1 19 58 115 115
0482_0035_0022_0131_0131.jpg 1 35 22 131 131
0483_0052_0073_0106_0106.jpg 1 52 73 106 106
0484_0025_0020_0083_0083.jpg 1 25 20 83 83
0485_0073_0039_0106_0106.jpg 1 73 39 106 106
0486_0085_0020_0049_0049.jpg 1 85 20 49 49
0487_0069_0093_0090_0090.jpg 1 69 93 90 90
0488_0018_0058_0098_0098.jpg 1 18 58 98 98
0489_0018_0058_0131_0131.jpg 1 18 58 131 131
0490_0027_0025_0078_0078.jpg 1 27 25 78 78
0491_0015_0045_0110_0110.jpg 1 15 45 110 110
0492_0030_0034_0117_0117.jpg 1 30 34 117 117
0493_0079_0028_0063_0063.jpg 1 79 28 63 63
0494_0067_0066_0122_0122.jpg 1 67 66 122 122
0495_0010_0059_0132_0132.jpg 1 10 59 132 132
0496_0031_0057_0035_0035.jpg 1 31 57 35 35
0497_0076_0056_0060_0060.jpg 1 76 56 60 60
0498_0113_0055_0029_0029.jpg 1 113 55 29 29
0499_0051_0052_0096_0096.jpg 1 51 52 96 96
0500_0049_0031_0054_0054.jpg 1 49 31 54 54
0501_0089_0077_0051_0051.jpg 1 89 77 51 51
0502_0065_0015_0120_0120.jpg 1 65 15 120 120
0503_0047_0120_0039_0039.jpg 1 47 120 39 39
0504_0020_0038_0029_0029.jpg 1 20 38 29 29
0505_0067_0045_0039_0039.jpg 1 67 45 39 39
0506_0027_0031_0137_0137.jpg 1 27 31 137 137
0507_0035_0063_0052_0052.jpg 1 35 63 52 52
0508_0039_0107_0047_0047.jpg 1 39 107 47 47
0509_0026_0039_0113_0113.jpg 1 26 39 113 113
0510_0107_0083_0066_0066.jpg 1 107 83 66 66
0511_0073_0068_0025_0025.jpg 1 73 68 25 25
0512_0040_0063_0048_0048.jpg 1 40 63 48 48
0513_0103_0084_0046_0046.jpg 1 103 84 46 46
0514_0052_0071_0080_0080.jpg 1 52 71 80 80
0515_0022_0017_0120_0120.jpg 1 22 17 120 120
0516_0146_0082_0036_0036.jpg 1 146 82 36 36
0517_0134_0092_0028_0028.jpg 1 134 92 28 28
0518_0071_0122_0056_0056.jpg 1 71 122 56 56
0519_0055_0030_0031_0031.jpg 1 55 30 31 31
0520_0078_0032_0105_0105.jpg 1 78 32 105 105
0521_0046_0088_0076_0076.jpg 1 46 88 76 76
0522_0041_0033_0089_0089.jpg 1 41 33 89 89
0523_0046_0108_0037_0037.jpg 1 46 108 37 37
0524_0042_0017_0053_0053.jpg 1 42 17 53 53
0525_0011_0039_0128_0128.jpg 1 11 39 128 128
0526_0043_0041_0099_0099.jpg 1 43 41 99 99
0527_0038_0092_0068_0068.jpg 1 38 92 68 68
0528_0100_0023_0031_0031.jpg 1 100 23 31 31
0529_0056_0019_0030_0030.jpg 1 56 19 30 30
0530_0013_0019_0107_0107.jpg 1 13 19 107 107
0531_0025_0047_0097_0097.jpg 1 25 47 97 97
0532_0011_0046_0094_0094.jpg 1 11 46 94 94
0533_0098_0024_0074_0074.jpg 1 98 24 74 74
0534_0035_0044_0088_0088.jpg 1 35 44 88 88
0535_0095_0022_0044_0044.jpg 1 95 22 44 44
0536_0050_0108_0057_0057.jpg 1 50 108 57 57
0537_0097_0079_0073_0073.jpg 1 97 79 73 73
0538_0008_0023_0124_0124.jpg 1 8 23 124 124
0539_0027_0081_0082_0082.jpg 1 27 81 82 82
0540_0147_0108_0031_0031.jpg 1 147 108 31 31
0541_0022_0087_0084_0084.jpg 1 22 87 84 84
0542_0059_0114_0037_0037.jpg 1 59 114 37 37
0543_0073_0022_0074_0074.jpg 1 73 22 74 74
0544_0129_0071_0032_0032.jpg 1 129 71 32 32
0545_0057_0048_0111_0111.jpg 1 57 48 111 111
0546_0060_0065_0051_0051.jpg 1 60 65 51 51
0547_0041_0050_0126_0126.jpg 1 41 50 126 126
0548_0032_0061_0127_0127.jpg 1 32 61 127 127
0549_0068_0085_0045_0045.jpg 1 68 85 45 45
0550_0018_0141_0033_0033.jpg 1 18 141 33 33
0551_0015_0052_0121_0121.jpg 1 15 52 121 121
0552_0013_0020_0135_0135.jpg 1 13 20 135 135
0553_0015_0089_0093_0093.jpg 1 15 89 93 93
0554_0009_0030_0111_0111.jpg 1 9 30 111 111
0555_0049_0106_0079_0079.jpg 1 49 106 79 79
0556_0104_0124_0040_0040.jpg 1 104 124 40 40
0557_0115_0018_0062_0062.jpg 1 115 18 62 62
0558_0037_0078_0110_0110.jpg 1 37 78 110 110
0559_0025_0098_0088_0088.jpg 1 25 98 88 88
0560_0014_0033_0066_0066.jpg 1 14 33 66 66
0561_0018_0051_0129_0129.jpg 1 18 51 129 129
0562_0094_0080_0053_0053.jpg 1 94 80 53 53
0563_0077_0016_0055_0055.jpg 1 77 16 55 55
0564_0138_0148_0027_0027.jpg 1 138 148 27 27
0565_0011_0060_0129_0129.jpg 1 11 60 129 129
0566_0073_0034_0101_0101.jpg 1 73 34 101 101
0567_0071_0113_0067_0067.jpg 1 71 113 67 67
0568_0038_0028_0135_0135.jpg 1 38 28 135 135
0569_0040_0064_0107_0107.jpg 1 40 64 107 107
0570_0033_0067_0052_0052.jpg 1 33 67 52 52
0571_0093_0126_0057_0057.jpg 1 93 126 57 57
0572_0035_0037_0133_0133.jpg 1 35 37 133 133
0573_0064_0110_0071_0071.jpg 1 64 110 71 71
0574_0041_0019_0125_0125.jpg 1 41 19 125 125
0575_0023_0030_0103_0103.jpg 1 23 30 103 103
0576_0031_0089_0033_0033.jpg 1 31 89 33 33
0577_0041_0055_0112_0112.jpg 1 41 55 112 112
0578_0027_0066_0119_0119.jpg 1 27 66 119 119
0579_0107_0045_0064_0064.jpg 1 107 45 64 64
0580_0044_0024_0127_0127.jpg 1 44 24 127 127
0581_0105_0027_0039_0039.jpg 1 105 27 39 39
0582_0133_0058_0041_0041.jpg 1 133 58 41 41
0583_0018_0026_0097_0097.jpg 1 18 26 97 97
0584_0014_0062_0076_0076.jpg 1 14 62 76 76
0585_0026_0010_0123_0123.jpg 1 26 10 123 123
0586_0097_0118_0024_0024.jpg 1 97 118 24 24
0587_0035_0086_0097_0097.jpg 1 35 86 97 97
0588_0081_0111_0045_0045.jpg 1 81 111 45 45
0589_0070_0085_0073_0073.jpg 1 70 85 73 73
0590_0066_0010_0099_0099.jpg 1 66 10 99 99
0591_0113_0089_0033_0033.jpg 1 113 89 33 33
0592_0070_0064_0110_0110.jpg 1 70 64 110 110
0593_0035_0035_0034_0034.jpg 1 35 35 34 34
0594_0067_0044_0056_0056.jpg 1 67 44 56 56
0595_0075_0020_0059_0059.jpg 1 75 20 59 59
0596_0032_0029_0105_0105.jpg 1 32 29 105 105
0597_0020_0088_0078_0078.jpg 1 20 88 78 78
0598_0076_0063_0095_0095.jpg 1 76 63 95 95
0599_0054_0022_0100_0100.jpg 1 54 22 100 100
0600_0039_0103_0050_0050.jpg 1 39 103 50 50
0601_0045_0090_0091_0091.jpg 1 45 90 91 91
0602_0033_0011_0134_0134.jpg 1 33 11 134 134
0603_0096_0016_0057_0057.jpg 1 96 16 57 57
0604_0101_0139_0044_0044.jpg 1 101 139 44 44
0605_0111_0079_0041_0041.jpg 1 111 79 41 41
0606_0027_0033_0059_0059.jpg 1 27 33 59 59
0607_0056_0032_0048_0048.jpg 1 56 32 48 48
0608_0015_0012_0095_0095.jpg 1 15 12 95 95
0609_0046_0019_0134_0134.jpg 1 46 19 134 134
0610_0052_0011_0128_0128.jpg 1 52 11 128 128
0611_0044_0117_0026_0026.jpg 1 44 117 26 26
0612_0076_0042_0087_0087.jpg 1 76 42 87 87
0613_0057_0070_0120_0120.jpg 1 57 70 120 120
0614_0131_0140_0027_0027.jpg 1 131 140 27 27
0615_0061_0102_0079_0079.jpg 1 61 102 79 79
0616_0056_0113_0027_0027.jpg 1 56 113 27 27
0617_0008_0067_0116_0116.jpg 1 8 67 116 116
0618_0111_0072_0072_0072.jpg 1 111 72 72 72
0619_0032_0028_0135_0135.jpg 1 32 28 135 135
0620_0111_0062_0072_0072.jpg 1 111 62 72 72
0621_0080_0020_0062_0062.jpg 1 80 20 62 62
0622_0030_0109_0071_0071.jpg 1 30 109 71 71
0623_0008_0030_0134_0134.jpg 1 8 30 134 134
0624_0096_0102_0065_0065.jpg 1 96 102 65 65
0625_0111_0084_0040_0040.jpg 1 111 84 40 40
0626_0077_0048_0061_0061.jpg 1 77 48 61 61
0627_0108_0021_0056_0056.jpg 1 108 21 56 56
0628_0050_0054_0119_0119.jpg 1 50 54 119 119
0629_0061_0056_0086_0086.jpg 1 61 56 86 86
0630_0066_0073_0035_0035.jpg 1 66 73 35 35
0631_0046_0063_0102_0102.jpg 1 46 63 102 102
0632_0118_0030_0046_0046.jpg 1 118 30 46 46
0633_0057_0037_0097_0097.jpg 1 57 37 97 97
0634_0036_0112_0066_0066.jpg 1 36 112 66 66
0635_0019_0041_0115_0115.jpg 1 19 41 115 115
0636_0072_0083_0044_0044.jpg 1 72 83 44 44
0637_0018_0065_0090_0090.jpg 1 18 65 90 90
0638_0052_0036_0089_0089.jpg 1 52 36 89 89
0639_0036_0058_0102_0102.jpg 1 36 58 102 102
0640_0089_0140_0039_0039.jpg 1 89 140 39 39
0641_0041_0050_0059_0059.jpg 1 41 50 59 59
0642_0091_0108_0075_0075.jpg 1 91 108 75 75
0643_0023_0029_0139_0139.jpg 1 23 29 139 139
0644_0127_0100_0033_0033.jpg 1 127 100 33 33
0645_0070_0069_0053_0053.jpg 1 70 69 53 53
0646_0088_0080_0094_0094.jpg 1 88 80 94 94
0647_0086_0084_0100_0100.jpg 1 86 84 100 100
0648_0025_0012_0079_0079.jpg 1 25 12 79 79
0649_0014_0031_0123_0123.jpg 1 14 31 123 123
0650_0025_0112_0055_0055.jpg 1 25 112 55 55
0651_0060_0111_0048_0048.jpg 1 60 111 48 48
0652_0106_0019_0075_0075.jpg 1 106 19 75 75
0653_0057_0018_0079_0079.jpg 1 57 18 79 79
0654_0035_0074_0058_0058.jpg 1 35 74 58 58
0655_0132_0087_0047_0047.jpg 1 132 87 47 47
0656_0018_0141_0033_0033.jpg 1 18 141 33 33
0657_0039_0022_0051_0051.jpg 1 39 22 51 51
0658_0141_0083_0041_0041.jpg 1 141 83 41 41
0659_0015_0119_0061_0061.jpg 1 15 119 61 61
0660_0029_0023_0131_0131.jpg 1 29 23 131 131
0661_0064_0046_0111_0111.jpg 1 64 46 111 111
0662_0052_0052_0034_0034.jpg 1 52 52 34 34
0663_0031_0116_0070_0070.jpg 1 31 116 70 70
0664_0065_0077_0090_0090.jpg 1 65 77 90 90
0665_0054_0017_0138_0138.jpg 1 54 17 138 138
0666_0014_0074_0111_0111.jpg 1 14 74 111 111
0667_0061_0058_0093_0093.jpg 1 61 58 93 93
0668_0042_0036_0098_0098.jpg 1 42 36 98 98
0669_0061_0023_0094_0094.jpg 1 61 23 94 94
0670_0090_0091_0084_0084.jpg 1 90 91 84 84
0671_0030_0053_0106_0106.jpg 1 30 53 106 106
0672_0018_0036_0074_0074.jpg 1 18 36 74 74
0673_0037_0061_0126_0126.jpg 1 37 61 126 126
0674_0012_0066_0112_0112.jpg 1 12 66 112 112
0675_0023_0010_0099_0099.jpg 1 23 10 99 99
0676_0059_0057_0046_0046.jpg 1 59 57 46 46
0677_0092_0079_0071_0071.jpg 1 92 79 71 71
0678_0136_0030_0045_0045.jpg 1 136 30 45 45
0679_0084_0065_0094_0094.jpg 1 84 65 94 94
0680_0065_0039_0102_0102.jpg 1 65 39 102 102
0681_0059_0045_0132_0132.jpg 1 59 45 132 132
0682_0019_0020_0134_0134.jpg 1 19 20 134 134
0683_0131_0128_0041_0041.jpg 1 131 128 41 41
0684_0054_0032_0088_0088.jpg 1 54 32 88 88
0685_0071_0050_0115_0115.jpg 1 71 50 115 115
0686_0045_0060_0126_0126.jpg 1 45 60 126 126
0687_0022_0031_0133_0133.jpg 1 22 31 133 133
0688_0073_0088_0090_0090.jpg 1 73 88 90 90
0689_0067_0055_0121_0121.jpg 1 67 55 121 121
0690_0121_0052_0058_0058.jpg 1 121 52 58 58
0691_0062_0026_0085_0085.jpg 1 62 26 85 85
0692_0074_0010_0099_0099.jpg 1 74 10 99 99
0693_0010_0038_0120_0120.jpg 1 10 38 120 120
0694_0040_0051_0053_0053.jpg 1 40 51 53 53
0695_0019_0007_0135_0135.jpg 1 19 7 135 135
0696_0010_0060_0126_0126.jpg 1 10 60 126 126
0697_0061_0077_0105_0105.jpg 1 61 77 105 105
0698_0121_0034_0048_0048.jpg 1 121 34 48 48
0699_0037_0034_0135_0135.jpg 1 37 34 135 135
0700_0009_0014_0131_0131.jpg 1 9 14 131 131
0701_0091_0113_0053_0053.jpg 1 91 113 53 53
0702_0068_0021_0046_0046.jpg 1 68 21 46 46
0703_0098_0018_0085_0085.jpg 1 98 18 85 85
0704_0035_0062_0031_0031.jpg 1 35 62 31 31
0705_0033_0074_0036_0036.jpg 1 33 74 36 36
0706_0065_0026_0121_0121.jpg 1 65 26 121 121
0707_0026_0047_0101_0101.jpg 1 26 47 101 101
0708_0088_0090_0029_0029.jpg 1 88 90 29 29
0709_0082_0027_0101_0101.jpg 1 82 27 101 101
0710_0020_0089_0074_0074.jpg 1 20 89 74 74
0711_0081_0119_0036_0036.jpg 1 81 119 36 36
0712_0090_0017_0068_0068.jpg 1 90 17 68 68
0713_0066_0013_0082_0082.jpg 1 66 13 82 82
0714_0023_0096_0026_0026.jpg 1 23 96 26 26
0715_0066_0078_0110_0110.jpg 1 66 78 110 110
0716_0088_0128_0043_0043.jpg 1 88 128 43 43
0717_0100_0027_0073_0073.jpg 1 100 27 73 73
0718_0019_0070_0099_0099.jpg 1 19 70 99 99
0719_0037_0073_0114_0114.jpg 1 37 73 114 114
0720_0015_0036_0065_0065.jpg 1 15 36 65 65
0721_0075_0103_0081_0081.jpg 1 75 103 81 81
0722_0016_0070_0059_0059.jpg 1 16 70 59 59
0723_0088_0027_0049_0049.jpg 1 88 27 49 49
0724_0029_0065_0079_0079.jpg 1 29 65 79 79
0725_0056_0017_0121_0121.jpg 1 56 17 121 121
0726_0038_0029_0119_0119.jpg 1 38 29 119 119
0727_0016_0041_0103_0103.jpg 1 16 41 103 103
0728_0118_0091_0044_0044.jpg 1 118 91 44 44
0729_0055_0013_0136_0136.jpg 1 55 13 136 136
0730_0107_0022_0062_0062.jpg 1 107 22 62 62
0731_0059_0101_0029_0029.jpg 1 59 101 29 29
0732_0050_0022_0121_0121.jpg 1 50 22 121 121
0733_0030_0144_0027_0027.jpg 1 30 144 27 27
0734_0113_0024_0069_0069.jpg 1 113 24 69 69
0735_0090_0036_0080_0080.jpg 1 90 36 80 80
0736_0115_0075_0063_0063.jpg 1 115 75 63 63
0737_0020_0095_0065_0065.jpg 1 20 95 65 65
0738_0136_0083_0031_0031.jpg 1 136 83 31 31
0739_0068_0008_0121_0121.jpg 1 68 8 121 121
0740_0070_0024_0107_0107.jpg 1 70 24 107 107
0741_0015_0034_0125_0125.jpg 1 15 34 125 125
0742_0017_0035_0138_0138.jpg 1 17 35 138 138
0743_0053_0077_0062_0062.jpg 1 53 77 62 62
0744_0074_0013_0102_0102.jpg 1 74 13 102 102
0745_0046_0081_0094_0094.jpg 1 46 81 94 94
0746_0111_0047_0060_0060.jpg 1 111 47 60 60
0747_0077_0067_0064_0064.jpg 1 77 67 64 64
0748_0036_0052_0091_0091.jpg 1 36 52 91 91
0749_0008_0012_0126_0126.jpg 1 8 12 126 126
0750_0014_0096_0086_0086.jpg 1 14 96 86 86
0751_0057_0069_0085_0085.jpg 1 57 69 85 85
0752_0058_0069_0107_0107.jpg 1 58 69 107 107
0753_0074_0069_0115_0115.jpg 1 74 69 115 115
0754_0027_0101_0056_0056.jpg 1 27 101 56 56
0755_0034_0039_0136_0136.jpg 1 34 39 136 136
0756_0068_0027_0113_0113.jpg 1 68 27 113 113
0757_0086_0042_0080_0080.jpg 1 86 42 80 80
0758_0088_0122_0039_0039.jpg 1 88 122 39 39
0759_0050_0061_0072_0072.jpg 1 50 61 72 72
0760_0076_0033_0072_0072.jpg 1 76 33 72 72
0761_0034_0057_0126_0126.jpg 1 34 57 126 126
0762_0081_0038_0084_0084.jpg 1 81 38 84 84
0763_0083_0057_0050_0050.jpg 1 83 57 50 50
0764_0098_0069_0084_0084.jpg 1 98 69 84 84
0765_0032_0044_0121_0121.jpg 1 32 44 121 121
0766_0017_0041_0109_0109.jpg 1 17 41 109 109
0767_0077_0050_0096_0096.jpg 1 77 50 96 96
0768_0081_0065_0109_0109.jpg 1 81 65 109 109
0769_0029_0090_0090_0090.jpg 1 29 90 90 90
0770_0136_0060_0026_0026.jpg 1 136 60 26 26
0771_0039_0107_0046_0046.jpg 1 39 107 46 46
0772_0070_0105_0082_0082.jpg 1 70 105 82 82
0773_0021_0046_0071_0071.jpg 1 21 46 71 71
0774_0058_0029_0073_0073.jpg 1 58 29 73 73
0775_0046_0034_0123_0123.jpg 1 46 34 123 123
0776_0011_0032_0135_0135.jpg 1 11 32 135 135
0777_0058_0032_0103_0103.jpg 1 58 32 103 103
0778_0058_0053_0116_0116.jpg 1 58 53 116 116
0779_0038_0032_0097_0097.jpg 1 38 32 97 97
0780_0091_0075_0083_0083.jpg 1 91 75 83 83
0781_0017_0064_0126_0126.jpg 1 17 64 126 126
0782_0087_0106_0062_0062.jpg 1 87 106 62 62
0783_0066_0094_0071_0071.jpg 1 66 94 71 71
0784_0033_0061_0130_0130.jpg 1 33 61 130 130
0785_0011_0059_0126_0126.jpg 1 11 59 126 126
0786_0034_0112_0063_0063.jpg 1 34 112 63 63
0787_0034_0056_0129_0129.jpg 1 34 56 129 129
0788_0029_0055_0132_0132.jpg 1 29 55 132 132
0789_0021_0084_0063_0063.jpg 1 21 84 63 63
0790_0097_0044_0071_0071.jpg 1 97 44 71 71
0791_0072_0064_0031_0031.jpg 1 72 64 31 31
0792_0075_0130_0045_0045.jpg 1 75 130 45 45
0793_0018_0047_0031_0031.jpg 1 18 47 31 31
0794_0014_0042_0077_0077.jpg 1 14 42 77 77
0795_0069_0117_0066_0066.jpg 1 69 117 66 66
0796_0040_0024_0073_0073.jpg 1 40 24 73 73
0797_0116_0056_0034_0034.jpg 1 116 56 34 34
0798_0080_0083_0041_0041.jpg 1 80 83 41 41
0799_0090_0102_0076_0076.jpg 1 90 102 76 76
0800_0106_0031_0078_0078.jpg 1 106 31 78 78
0801_0029_0082_0105_0105.jpg 1 29 82 105 105
0802_0034_0028_0126_0126.jpg 1 34 28 126 126
0803_0101_0086_0074_0074.jpg 1 101 86 74 74
0804_0040_0023_0129_0129.jpg 1 40 23 129 129
0805_0035_0079_0111_0111.jpg 1 35 79 111 111
0806_0077_0064_0111_0111.jpg 1 77 64 111 111
0807_0154_0045_0025_0025.jpg 1 154 45 25 25
0808_0012_0079_0103_0103.jpg 1 12 79 103 103
0809_0028_0029_0127_0127.jpg 1 28 29 127 127
0810_0034_0040_0068_0068.jpg 1 34 40 68 68
0811_0034_0059_0078_0078.jpg 1 34 59 78 78
0812_0056_0040_0087_0087.jpg 1 56 40 87 87
0813_0042_0016_0116_0116.jpg 1 42 16 116 116
0814_0017_0039_0129_0129.jpg 1 17 39 129 129
0815_0079_0038_0102_0102.jpg 1 79 38 102 102
0816_0093_0030_0064_0064.jpg 1 93 30 64 64
0817_0150_0079_0033_0033.jpg 1 150 79 33 33
0818_0023_0042_0109_0109.jpg 1 23 42 109 109
0819_0080_0063_0100_0100.jpg 1 80 63 100 100
0820_0055_0021_0104_0104.jpg 1 55 21 104 104
0821_0084_0058_0085_0085.jpg 1 84 58 85 85
0822_0108_0087_0067_0067.jpg 1 108 87 67 67
0823_0029_0065_0072_0072.jpg 1 29 65 72 72
0824_0085_0028_0066_0066.jpg 1 85 28 66 66
0825_0038_0019_0139_0139.jpg 1 38 19 139 139
0826_0143_0099_0038_0038.jpg 1 143 99 38 38
0827_0145_0049_0030_0030.jpg 1 145 49 30 30
0828_0029_0043_0111_0111.jpg 1 29 43 111 111
0829_0056_0112_0029_0029.jpg 1 56 112 29 29
0830_0080_0094_0075_0075.jpg 1 80 94 75 75
0831_0043_0088_0092_0092.jpg 1 43 88 92 92
0832_0047_0033_0081_0081.jpg 1 47 33 81 81
0833_0095_0067_0080_0080.jpg 1 95 67 80 80
0834_0076_0070_0093_0093.jpg 1 76 70 93 93
0835_0031_0021_0138_0138.jpg 1 31 21 138 138
0836_0100_0137_0027_0027.jpg 1 100 137 27 27
0837_0140_0153_0024_0024.jpg 1 140 153 24 24
0838_0045_0065_0061_0061.jpg 1 45 65 61 61
0839_0024_0059_0100_0100.jpg 1 24 59 100 100
0840_0057_0045_0132_0132.jpg 1 57 45 132 132
0841_0022_0123_0037_0037.jpg 1 22 123 37 37
0842_0066_0043_0087_0087.jpg 1 66 43 87 87
0843_0125_0060_0037_0037.jpg 1 125 60 37 37
0844_0067_0041_0042_0042.jpg 1 67 41 42 42
0845_0028_0050_0055_0055.jpg 1 28 50 55 55
0846_0086_0103_0027_0027.jpg 1 86 103 27 27
0847_0017_0057_0108_0108.jpg 1 17 57 108 108
0848_0034_0059_0124_0124.jpg 1 34 59 124 124
0849_0026_0063_0053_0053.jpg 1 26 63 53 53
0850_0023_0068_0112_0112.jpg 1 23 68 112 112
0851_0081_0087_0097_0097.jpg 1 81 87 97 97
0852_0041_0007_0125_0125.jpg 1 41 7 125 125
0853_0034_0093_0050_0050.jpg 1 34 93 50 50
0854_0061_0101_0067_0067.jpg 1 61 101 67 67
0855_0109_0091_0062_0062.jpg 1 109 91 62 62
0856_0116_0110_0062_0062.jpg 1 116 110 62 62
0857_0099_0057_0030_0030.jpg 1 99 57 30 30
0858_0041_0066_0033_0033.jpg 1 41 66 33 33
0859_0058_0047_0058_0058.jpg 1 58 47 58 58
0860_0077_0050_0098_0098.jpg 1 77 50 98 98
0861_0033_0033_0084_0084.jpg 1 33 33 84 84
0862_0042_0074_0106_0106.jpg 1 42 74 106 106
0863_0010_0037_0103_0103.jpg 1 10 37 103 103
0864_0064_0050_0066_0066.jpg 1 64 50 66 66
0865_0031_0043_0036_0036.jpg 1 31 43 36 36
0866_0018_0021_0131_0131.jpg 1 18 21 131 131
0867_0051_0027_0139_0139.jpg 1 51 27 139 139
0868_0024_0083_0025_0025.jpg 1 24 83 25 25
0869_0116_0145_0037_0037.jpg 1 116 145 37 37
0870_0063_0085_0081_0081.jpg 1 63 85 81 81
0871_0048_0043_0122_0122.jpg 1 48 43 122 122
0872_0062_0009_0122_0122.jpg 1 62 9 122 122
0873_0012_0086_0103_0103.jpg 1 12 86 103 103
0874_0152_0064_0029_0029.jpg 1 152 64 29 29
0875_0036_0040_0131_0131.jpg 1 36 40 131 131
0876_0076_0033_0038_0038.jpg 1 76 33 38 38
0877_0012_0016_0113_0113.jpg 1 12 16 113 113
0878_0090_0054_0095_0095.jpg 1 90 54 95 95
0879_0099_0075_0026_0026.jpg 1 99 75 26 26
0880_0062_0035_0106_0106.jpg 1 62 35 106 106
0881_0035_0049_0135_0135.jpg 1 35 49 135 135
0882_0084_0040_0058_0058.jpg 1 84 40 58 58
0883_0041_0054_0125_0125.jpg 1 41 54 125 125
0884_0114_0035_0070_0070.jpg 1 114 35 70 70
0885_0041_0038_0138_0138.jpg 1 41 38 138 138
0886_0011_0020_0117_0117.jpg 1 11 20 117 117
0887_0077_0047_0061_0061.jpg 1 77 47 61 61
0888_0093_0058_0083_0083.jpg 1 93 58 83 83
0889_0033_0079_0040_0040.jpg 1 33 79 40 40
0890_0089_0125_0055_0055.jpg 1 89 125 55 55
0891_0084_0070_0055_0055.jpg 1 84 70 55 55
0892_0092_0019_0070_0070.jpg 1 92 19 70 70
0893_0022_0032_0125_0125.jpg 1 22 32 125 125
0894_0107_0043_0036_0036.jpg 1 107 43 36 36
0895_0032_0095_0081_0081.jpg 1 32 95 81 81
0896_0018_0035_0041_0041.jpg 1 18 35 41 41
0897_0017_0072_0112_0112.jpg 1 17 72 112 112
0898_0086_0036_0090_0090.jpg 1 86 36 90 90
0899_0033_0074_0090_0090.jpg 1 33 74 90 90
0900_0087_0057_0087_0087.jpg 1 87 57 87 87
0901_0059_0033_0132_0132.jpg 1 59 33 132 132
0902_0059_0012_0103_0103.jpg 1 59 12 103 103
0903_0027_0041_0074_0074.jpg 1 27 41 74 74
0904_0087_0030_0074_0074.jpg 1 87 30 74 74
0905_0011_0026_0133_0133.jpg 1 11 26 133 133
0906_0046_0011_0137_0137.jpg 1 46 11 137 137
0907_0138_0140_0039_0039.jpg 1 138 140 39 39
0908_0029_0088_0093_0093.jpg 1 29 88 93 93
0909_0039_0012_0123_0123.jpg 1 39 12 123 123
0910_0094_0053_0086_0086.jpg 1 94 53 86 86
0911_0074_0064_0062_0062.jpg 1 74 64 62 62
0912_0055_0045_0099_0099.jpg 1 55 45 99 99
0913_0055_0075_0092_0092.jpg 1 55 75 92 92
0914_0060_0094_0062_0062.jpg 1 60 94 62 62
0915_0065_0035_0031_0031.jpg 1 65 35 31 31
0916_0047_0045_0123_0123.jpg 1 47 45 123 123
0917_0057_0023_0122_0122.jpg 1 57 23 122 122
0918_0028_0019_0133_0133.jpg 1 28 19 133 133
0919_0023_0066_0029_0029.jpg 1 23 66 29 29
0920_0083_0027_0048_0048.jpg 1 83 27 48 48
0921_0038_0052_0112_0112.jpg 1 38 52 112 112
0922_0046_0072_0082_0082.jpg 1 46 72 82 82
0923_0057_0080_0036_0036.jpg 1 57 80 36 36
0924_0102_0112_0069_0069.jpg 1 102 112 69 69
0925_0026_0057_0085_0085.jpg 1 26 57 85 85
0926_0075_0124_0052_0052.jpg 1 75 124 52 52
0927_0106_0035_0060_0060.jpg 1 106 35 60 60
0928_0051_0032_0055_0055.jpg 1 51 32 55 55
0929_0123_0072_0049_0049.jpg 1 123 72 49 49
0930_0019_0066_0099_0099.jpg 1 19 66 99 99
0931_0062_0082_0042_0042.jpg 1 62 82 42 42
0932_0078_0063_0111_0111.jpg 1 78 63 111 111
0933_0010_0038_0112_0112.jpg 1 10 38 112 112
0934_0023_0021_0071_0071.jpg 1 23 21 71 71
0935_0085_0029_0049_0049.jpg 1 85 29 49 49
0936_0026_0106_0027_0027.jpg 1 26 106 27 27
0937_0069_0083_0088_0088.jpg 1 69 83 88 88
0938_0067_0111_0024_0024.jpg 1 67 111 24 24
0939_0026_0023_0127_0127.jpg 1 26 23 127 127
0940_0046_0014_0127_0127.jpg 1 46 14 127 127
0941_0048_0058_0050_0050.jpg 1 48 58 50 50
0942_0030_0122_0054_0054.jpg 1 30 122 54 54
0943_0033_0091_0029_0029.jpg 1 33 91 29 29
0944_0069_0071_0034_0034.jpg 1 69 71 34 34
0945_0021_0043_0123_0123.jpg 1 21 43 123 123
0946_0045_0053_0058_0058.jpg 1 45 53 58 58
0947_0075_0028_0108_0108.jpg 1 75 28 108 108
0948_0070_0089_0086_0086.jpg 1 70 89 86 86
0949_0052_0030_0117_0117.jpg 1 52 30 117 117
0950_0094_0068_0093_0093.jpg 1 94 68 93 93
0951_0109_0026_0073_0073.jpg 1 109 26 73 73
0952_0068_0020_0124_0124.jpg 1 68 20 124 124
0953_0013_0092_0073_0073.jpg 1 13 92 73 73
0954_0129_0059_0040_0040.jpg 1 129 59 40 40
0955_0032_0060_0107_0107.jpg 1 32 60 107 107
0956_0023_0056_0128_0128.jpg 1 23 56 128 128
0957_0054_0025_0115_0115.jpg 1 54 25 115 115
0958_0031_0018_0128_0128.jpg 1 31 18 128 128
0959_0054_0093_0076_0076.jpg 1 54 93 76 76
0960_0042_0103_0079_0079.jpg 1 42 103 79 79
0961_0019_0049_0129_0129.jpg 1 19 49 129 129
0962_0011_0024_0120_0120.jpg 1 11 24 120 120
0963_0020_0041_0074_0074.jpg 1 20 41 74 74
0964_0125_0076_0050_0050.jpg 1 125 76 50 50
0965_0119_0057_0043_0043.jpg 1 119 57 43 43
0966_0044_0049_0025_0025.jpg 1 44 49 25 25
0967_0016_0020_0122_0122.jpg 1 16 20 122 122
0968_0054_0076_0060_0060.jpg 1 54 76 60 60
0969_0069_0051_0121_0121.jpg 1 69 51 121 121
0970_0059_0098_0067_0067.jpg 1 59 98 67 67
0971_0060_0024_0114_0114.jpg 1 60 24 114 114
0972_0018_0038_0099_0099.jpg 1 18 38 99 99
0973_0021_0078_0105_0105.jpg 1 21 78 105 105
0974_0111_0088_0029_0029.jpg 1 111 88 29 29
0975_0070_0048_0118_0118.jpg 1 70 48 118 118
0976_0052_0040_0074_0074.jpg 1 52 40 74 74
0977_0019_0020_0049_0049.jpg 1 19 20 49 49
0978_0021_0047_0067_0067.jpg 1 21 47 67 67
0979_0030_0063_0039_0039.jpg 1 30 63 39 39
0980_0079_0050_0107_0107.jpg 1 79 50 107 107
0981_0027_0045_0057_0057.jpg 1 27 45 57 57
0982_0015_0108_0071_0071.jpg 1 15 108 71 71
0983_0061_0066_0045_0045.jpg 1 61 66 45 45
0984_0122_0070_0037_0037.jpg 1 122 70 37 37
0985_0035_0029_0079_0079.jpg 1 35 29 79 79
0986_0034_0076_0100_0100.jpg 1 34 76 100 100
0987_0063_0051_0077_0077.jpg 1 63 51 77 77
0988_0081_0122_0040_0040.jpg 1 81 122 40 40
0989_0010_0019_0112_0112.jpg 1 10 19 112 112
0990_0017_0041_0089_0089.jpg 1 17 41 89 89
0991_0042_0055_0083_0083.jpg 1 42 55 83 83
0992_0018_0034_0097_0097.jpg 1 18 34 97 97
0993_0125_0093_0060_0060.jpg 1 125 93 60 60
0994_0031_0059_0126_0126.jpg 1 31 59 126 126
0995_0036_0024_0133_0133.jpg 1 36 24 133 133
0996_0036_0043_0106_0106.jpg 1 36 43 106 106
0997_0123_0076_0061_0061.jpg 1 123 76 61 61
0998_0061_0092_0024_0024.jpg 1 61 92 24 24
0999_0118_0033_0054_0054.jpg 1 118 33 54 54
1000_0028_0050_0108_0108.jpg 1 28 50 108 108
1001_0098_0052_0064_0064.jpg 1 98 52 64 64
1002_0065_0019_0106_0106.jpg 1 65 19 106 106
1003_0099_0032_0062_0062.jpg 1 99 32 62 62
1004_0044_0076_0114_0114.jpg 1 44 76 114 114
1005_0059_0039_0130_0130.jpg 1 59 39 130 130
1006_0084_0063_0040_0040.jpg 1 84 63 40 40
1007_0066_0106_0056_0056.jpg 1 66 106 56 56
1008_0114_0041_0072_0072.jpg 1 114 41 72 72
1009_0053_0028_0097_0097.jpg 1 53 28 97 97
1010_0049_0052_0138_0138.jpg 1 49 52 138 138
1011_0086_0120_0054_0054.jpg 1 86 120 54 54
1012_0065_0053_0110_0110.jpg 1 65 53 110 110
1013_0033_0069_0049_0049.jpg 1 33 69 49 49
1014_0012_0009_0103_0103.jpg 1 12 9 103 103
1015_0098_0080_0041_0041.jpg 1 98 80 41 41
1016_0117_0056_0069_0069.jpg 1 117 56 69 69
1017_0069_0058_0030_0030.jpg 1 69 58 30 30
1018_0031_0075_0108_0108.jpg 1 31 75 108 108
1019_0020_0015_0093_0093.jpg 1 20 15 93 93
1020_0018_0074_0097_0097.jpg 1 18 74 97 97
1021_0069_0082_0097_0097.jpg 1 69 82 97 97
1022_0103_0061_0062_0062.jpg 1 103 61 62 62
1023_0100_0072_0078_0078.jpg 1 100 72 78 78
1024_0062_0034_0055_0055.jpg 1 62 34 55 55
1025_0101_0101_0083_0083.jpg 1 101 101 83 83
1026_0029_0087_0025_0025.jpg 1 29 87 25 25
1027_0048_0022_0117_0117.jpg 1 48 22 117 117
1028_0064_0036_0086_0086.jpg 1 64 36 86 86
1029_0049_0027_0036_0036.jpg 1 49 27 36 36
1030_0057_0038_0118_0118.jpg 1 57 38 118 118
1031_0042_0029_0126_0126.jpg 1 42 29 126 126
1032_0097_0056_0084_0084.jpg 1 97 56 84 84
1033_0084_0025_0105_0105.jpg 1 84 25 105 105
1034_0010_0008_0126_0126.jpg 1 10 8 126 126
1035_0077_0057_0095_0095.jpg 1 77 57 95 95
1036_0029_0050_0111_0111.jpg 1 29 50 111 111
1037_0038_0074_0103_0103.jpg 1 38 74 103 103
1038_0017_0031_0070_0070.jpg 1 17 31 70 70
1039_0018_0050_0133_0133.jpg 1 18 50 133 133
1040_0037_0021_0027_0027.jpg 1 37 21 27 27
1041_0053_0056_0071_0071.jpg 1 53 56 71 71
1042_0042_0037_0101_0101.jpg 1 42 37 101 101
1043_0091_0050_0082_0082.jpg 1 91 50 82 82
1044_0027_0024_0098_0098.jpg 1 27 24 98 98
1045_0023_0097_0042_0042.jpg 1 23 97 42 42
1046_0068_0049_0065_0065.jpg 1 68 49 65 65
1047_0119_0048_0060_0060.jpg 1 119 48 60 60
1048_0125_0096_0024_0024.jpg 1 125 96 24 24
1049_0129_0016_0043_0043.jpg 1 129 16 43 43
1050_0111_0138_0031_0031.jpg 1 111 138 31 31
1051_0092_0054_0054_0054.jpg 1 92 54 54 54
1052_0045_0056_0040_0040.jpg 1 45 56 40 40
1053_0015_0107_0058_0058.jpg 1 15 107 58 58
1054_0122_0078_0030_0030.jpg 1 122 78 30 30
1055_0014_0082_0100_0100.jpg 1 14 82 100 100
1056_0122_0124_0046_0046.jpg 1 122 124 46 46
1057_0063_0057_0103_0103.jpg 1 63 57 103 103
1058_0048_0096_0080_0080.jpg 1 48 96 80 80
1059_0015_0035_0080_0080.jpg 1 15 35 80 80
1060_0085_0028_0030_0030.jpg 1 85 28 30 30
1061_0068_0077_0029_0029.jpg 1 68 77 29 29
1062_0029_0049_0112_0112.jpg 1 29 49 112 112
1063_0014_0013_0121_0121.jpg 1 14 13 121 121
1064_0068_0042_0053_0053.jpg 1 68 42 53 53
1065_0052_0031_0123_0123.jpg 1 52 31 123 123
1066_0048_0029_0074_0074.jpg 1 48 29 74 74
1067_0091_0098_0029_0029.jpg 1 91 98 29 29
1068_0126_0113_0046_0046.jpg 1 126 113 46 46
1069_0081_0027_0049_0049.jpg 1 81 27 49 49
1070_0108_0084_0068_0068.jpg 1 108 84 68 68
1071_0058_0038_0048_0048.jpg 1 58 38 48 48
1072_0027_0080_0101_0101.jpg 1 27 80 101 101
1073_0015_0032_0115_0115.jpg 1 15 32 115 115
1074_0050_0021_0076_0076.jpg 1 50 21 76 76
1075_0070_0035_0097_0097.jpg 1 70 35 97 97
1076_0047_0049_0103_0103.jpg 1 47 49 103 103
1077_0044_0042_0048_0048.jpg 1 44 42 48 48
1078_0077_0032_0029_0029.jpg 1 77 32 29 29
1079_0071_0068_0031_0031.jpg 1 71 68 31 31
1080_0086_0089_0049_0049.jpg 1 86 89 49 49
1081_0088_0029_0078_0078.jpg 1 88 29 78 78
1082_0015_0043_0137_0137.jpg 1 15 43 137 137
1083_0111_0028_0052_0052.jpg 1 111 28 52 52
1084_0042_0026_0121_0121.jpg 1 42 26 121 121
1085_0077_0063_0081_0081.jpg 1 77 63 81 81
1086_0031_0043_0138_0138.jpg 1 31 43 138 138
1087_0026_0051_0100_0100.jpg 1 26 51 100 100
1088_0037_0100_0052_0052.jpg 1 37 100 52 52
1089_0069_0069_0086_0086.jpg 1 69 69 86 86
1090_0068_0045_0032_0032.jpg 1 68 45 32 32
1091_0036_0023_0084_0084.jpg 1 36 23 84 84
1092_0058_0050_0117_0117.jpg 1 58 50 117 117
1093_0065_0013_0119_0119.jpg 1 65 13 119 119
1094_0013_0053_0095_0095.jpg 1 13 53 95 95
1095_0066_0080_0107_0107.jpg 1 66 80 107 107
1096_0049_0038_0138_0138.jpg 1 49 38 138 138
1097_0016_0117_0065_0065.jpg 1 16 117 65 65
1098_0031_0031_0130_0130.jpg 1 31 31 130 130
1099_0099_0054_0025_0025.jpg 1 99 54 25 25
1100_0070_0013_0099_0099.jpg 1 70 13 99 99
1101_0015_0059_0123_0123.jpg 1 15 59 123 123
1102_0028_0043_0108_0108.jpg 1 28 43 108 108
1103_0091_0097_0030_0030.jpg 1 91 97 30 30
1104_0053_0015_0130_0130.jpg 1 53 15 130 130
1105_0057_0095_0077_0077.jpg 1 57 95 77 77
1106_0088_0049_0059_0059.jpg 1 88 49 59 59
1107_0021_0076_0083_0083.jpg 1 21 76 83 83
1108_0080_0013_0108_0108.jpg 1 80 13 108 108
1109_0011_0075_0103_0103.jpg 1 11 75 103 103
1110_0108_0098_0063_0063.jpg 1 108 98 63 63
1111_0048_0063_0122_0122.jpg 1 48 63 122 122
1112_0067_0113_0048_0048.jpg 1 67 113 48 48
1113_0059_0076_0088_0088.jpg 1 59 76 88 88
1114_0031_0068_0094_0094.jpg 1 31 68 94 94
1115_0117_0019_0034_0034.jpg 1 117 19 34 34
1116_0019_0053_0127_0127.jpg 1 19 53 127 127
1117_0056_0022_0113_0113.jpg 1 56 22 113 113
1118_0108_0036_0028_0028.jpg 1 108 36 28 28
1119_0089_0027_0085_0085.jpg 1 89 27 85 85
1120_0106_0050_0033_0033.jpg 1 106 50 33 33
1121_0033_0010_0136_0136.jpg 1 33 10 136 136
1122_0011_0041_0113_0113.jpg 1 11 41 113 113
1123_0061_0065_0028_0028.jpg 1 61 65 28 28
1124_0053_0050_0129_0129.jpg 1 53 50 129 129
1125_0050_0017_0104_0104.jpg 1 50 17 104 104
1126_0008_0053_0137_0137.jpg 1 8 53 137 137
1127_0061_0057_0114_0114.jpg 1 61 57 114 114
1128_0068_0023_0056_0056.jpg 1 68 23 56 56
1129_0110_0022_0057_0057.jpg 1 110 22 57 57
1130_0041_0124_0057_0057.jpg 1 41 124 57 57
1131_0052_0066_0065_0065.jpg 1 52 66 65 65
1132_0014_0012_0120_0120.jpg 1 14 12 120 120
1133_0043_0056_0093_0093.jpg 1 43 56 93 93
1134_0084_0031_0048_0048.jpg 1 84 31 48 48
1135_0090_0035_0099_0099.jpg 1 90 35 99 99
1136_0059_0035_0087_0087.jpg 1 59 35 87 87
1137_0031_0053_0109_0109.jpg 1 31 53 109 109
1138_0076_0040_0060_0060.jpg 1 76 40 60 60
1139_0146_0133_0032_0032.jpg 1 146 133 32 32
1140_0055_0026_0083_0083.jpg 1 55 26 83 83
1141_0116_0026_0048_0048.jpg 1 116 26 48 48
1142_0025_0053_0061_0061.jpg 1 25 53 61 61
1143_0032_0058_0043_0043.jpg 1 32 58 43 43
1144_0095_0042_0081_0081.jpg 1 95 42 81 81
1145_0075_0127_0049_0049.jpg 1 75 127 49 49
1146_0027_0048_0120_0120.jpg 1 27 48 120 120
1147_0140_0109_0043_0043.jpg 1 140 109 43 43
1148_0031_0035_0137_0137.jpg 1 31 35 137 137
1149_0054_0024_0120_0120.jpg 1 54 24 120 120
1150_0097_0056_0070_0070.jpg 1 97 56 70 70
1151_0014_0025_0130_0130.jpg 1 14 25 130 130
1152_0044_0122_0053_0053.jpg 1 44 122 53 53
1153_0017_0038_0121_0121.jpg 1 17 38 121 121
1154_0025_0037_0102_0102.jpg 1 25 37 102 102
1155_0086_0014_0089_0089.jpg 1 86 14 89 89
1156_0012_0070_0116_0116.jpg 1 12 70 116 116
1157_0044_0084_0024_0024.jpg 1 44 84 24 24
1158_0106_0080_0024_0024.jpg 1 106 80 24 24
1159_0121_0037_0059_0059.jpg 1 121 37 59 59
1160_0033_0095_0065_0065.jpg 1 33 95 65 65
1161_0041_0066_0126_0126.jpg 1 41 66 126 126
1162_0023_0044_0077_0077.jpg 1 23 44 77 77
1163_0022_0019_0090_0090.jpg 1 22 19 90 90
1164_0010_0048_0132_0132.jpg 1 10 48 132 132
1165_0016_0142_0034_0034.jpg 1 16 142 34 34
1166_0033_0052_0055_0055.jpg 1 33 52 55 55
1167_0031_0104_0050_0050.jpg 1 31 104 50 50
1168_0052_0038_0055_0055.jpg 1 52 38 55 55
1169_0071_0058_0096_0096.jpg 1 71 58 96 96
1170_0074_0015_0110_0110.jpg 1 74 15 110 110
1171_0013_0073_0072_0072.jpg 1 13 73 72 72
1172_0041_0027_0126_0126.jpg 1 41 27 126 126
1173_0050_0051_0093_0093.jpg 1 50 51 93 93
1174_0064_0080_0102_0102.jpg 1 64 80 102 102
1175_0039_0016_0084_0084.jpg 1 39 16 84 84
1176_0040_0067_0037_0037.jpg 1 40 67 37 37
1177_0054_0020_0027_0027.jpg 1 54 20 27 27
1178_0011_0067_0112_0112.jpg 1 11 67 112 112
1179_0077_0035_0074_0074.jpg 1 77 35 74 74
1180_0013_0047_0136_0136.jpg 1 13 47 136 136
1181_0048_0027_0125_0125.jpg 1 48 27 125 125
1182_0018_0010_0107_0107.jpg 1 18 10 107 107
1183_0014_0026_0126_0126.jpg 1 14 26 126 126
1184_0021_0010_0130_0130.jpg 1 21 10 130 130
1185_0023_0008_0116_0116.jpg 1 23 8 116 116
1186_0101_0105_0063_0063.jpg 1 101 105 63 63
1187_0049_0029_0121_0121.jpg 1 49 29 121 121
1188_0107_0040_0079_0079.jpg 1 107 40 79 79
1189_0061_0076_0112_0112.jpg 1 61 76 112 112
1190_0032_0049_0138_0138.jpg 1 32 49 138 138
1191_0029_0060_0094_0094.jpg 1 29 60 94 94
1192_0033_0045_0117_0117.jpg 1 33 45 117 117
1193_0073_0040_0082_0082.jpg 1 73 40 82 82
1194_0093_0076_0092_0092.jpg 1 93 76 92 92
1195_0100_0099_0026_0026.jpg 1 100 99 26 26
1196_0099_0064_0065_0065.jpg 1 99 64 65 65
1197_0126_0114_0031_0031.jpg 1 126 114 31 31
1198_0009_0051_0138_0138.jpg 1 9 51 138 138
1199_0015_0041_0125_0125.jpg 1 15 41 125 125
1200_0111_0063_0067_0067.jpg 1 111 63 67 67
1201_0041_0069_0028_0028.jpg 1 41 69 28 28
1202_0098_0049_0043_0043.jpg 1 98 49 43 43
1203_0042_0032_0113_0113.jpg 1 42 32 113 113
1204_0015_0041_0120_0120.jpg 1 15 41 120 120
1205_0094_0094_0078_0078.jpg 1 94 94 78 78
1206_0134_0111_0043_0043.jpg 1 134 111 43 43
1207_0102_0045_0063_0063.jpg 1 102 45 63 63
1208_0019_0081_0087_0087.jpg 1 19 81 87 87
1209_0047_0107_0066_0066.jpg 1 47 107 66 66
1210_0063_0049_0065_0065.jpg 1 63 49 65 65
1211_0007_0032_0138_0138.jpg 1 7 32 138 138
1212_0085_0096_0054_0054.jpg 1 85 96 54 54
1213_0050_0024_0125_0125.jpg 1 50 24 125 125
1214_0083_0106_0048_0048.jpg 1 83 106 48 48
1215_0047_0074_0045_0045.jpg 1 47 74 45 45
1216_0048_0023_0075_0075.jpg 1 48 23 75 75
1217_0027_0053_0052_0052.jpg 1 27 53 52 52
1218_0067_0134_0048_0048.jpg 1 67 134 48 48
1219_0049_0024_0048_0048.jpg 1 49 24 48 48
1220_0069_0144_0026_0026.jpg 1 69 144 26 26
1221_0027_0137_0040_0040.jpg 1 27 137 40 40
1222_0055_0040_0085_0085.jpg 1 55 40 85 85
1223_0018_0110_0034_0034.jpg 1 18 110 34 34
1224_0069_0068_0114_0114.jpg 1 69 68 114 114
1225_0070_0067_0094_0094.jpg 1 70 67 94 94
1226_0031_0008_0138_0138.jpg 1 31 8 138 138
1227_0049_0038_0098_0098.jpg 1 49 38 98 98
1228_0087_0045_0033_0033.jpg 1 87 45 33 33
1229_0038_0134_0049_0049.jpg 1 38 134 49 49
1230_0087_0086_0029_0029.jpg 1 87 86 29 29
1231_0011_0056_0128_0128.jpg 1 11 56 128 128
1232_0033_0049_0117_0117.jpg 1 33 49 117 117
1233_0026_0009_0122_0122.jpg 1 26 9 122 122
1234_0027_0082_0101_0101.jpg 1 27 82 101 101
1235_0040_0110_0074_0074.jpg 1 40 110 74 74
1236_0056_0045_0118_0118.jpg 1 56 45 118 118
1237_0066_0108_0071_0071.jpg 1 66 108 71 71
1238_0024_0010_0132_0132.jpg 1 24 10 132 132
1239_0118_0110_0043_0043.jpg 1 118 110 43 43
1240_0024_0019_0100_0100.jpg 1 24 19 100 100
1241_0065_0028_0112_0112.jpg 1 65 28 112 112
1242_0031_0083_0081_0081.jpg 1 31 83 81 81
1243_0103_0028_0050_0050.jpg 1 103 28 50 50
1244_0086_0027_0086_0086.jpg 1 86 27 86 86
1245_0079_0042_0033_0033.jpg 1 79 42 33 33
1246_0087_0052_0051_0051.jpg 1 87 52 51 51
1247_0029_0081_0073_0073.jpg 1 29 81 73 73
1248_0025_0045_0129_0129.jpg 1 25 45 129 129
1249_0062_0058_0043_0043.jpg 1 62 58 43 43
1250_0070_0058_0115_0115.jpg 1 70 58 115 115
1251_0018_0022_0119_0119.jpg 1 18 22 119 119
1252_0029_0019_0034_0034.jpg 1 29 19 34 34
1253_0117_0019_0059_0059.jpg 1 117 19 59 59
1254_0066_0051_0028_0028.jpg 1 66 51 28 28
1255_0010_0030_0125_0125.jpg 1 10 30 125 125
1256_0024_0044_0037_0037.jpg 1 24 44 37 37
1257_0061_0084_0084_0084.jpg 1 61 84 84 84
1258_0100_0017_0051_0051.jpg 1 100 17 51 51
1259_0067_0048_0106_0106.jpg 1 67 48 106 106
1260_0126_0080_0057_0057.jpg 1 126 80 57 57
1261_0054_0023_0133_0133.jpg 1 54 23 133 133
1262_0047_0117_0065_0065.jpg 1 47 117 65 65
1263_0100_0060_0067_0067.jpg 1 100 60 67 67
1264_0062_0063_0069_0069.jpg 1 62 63 69 69
1265_0018_0033_0133_0133.jpg 1 18 33 133 133
1266_0095_0063_0038_0038.jpg 1 95 63 38 38
1267_0018_0036_0117_0117.jpg 1 18 36 117 117
1268_0072_0105_0075_0075.jpg 1 72 105 75 75
1269_0045_0110_0070_0070.jpg 1 45 110 70 70
1270_0048_0139_0043_0043.jpg 1 48 139 43 43
1271_0049_0015_0074_0074.jpg 1 49 15 74 74
1272_0037_0056_0087_0087.jpg 1 37 56 87 87
1273_0063_0029_0081_0081.jpg 1 63 29 81 81
1274_0083_0103_0048_0048.jpg 1 83 103 48 48
1275_0057_0014_0130_0130.jpg 1 57 14 130 130
1276_0048_0026_0054_0054.jpg 1 48 26 54 54
1277_0027_0108_0064_0064.jpg 1 27 108 64 64
1278_0058_0048_0104_0104.jpg 1 58 48 104 104
1279_0056_0027_0107_0107.jpg 1 56 27 107 107
1280_0040_0054_0100_0100.jpg 1 40 54 100 100
1281_0020_0035_0066_0066.jpg 1 20 35 66 66
1282_0054_0061_0061_0061.jpg 1 54 61 61 61
1283_0078_0050_0061_0061.jpg 1 78 50 61 61
1284_0066_0067_0081_0081.jpg 1 66 67 81 81
1285_0056_0072_0119_0119.jpg 1 56 72 119 119
1286_0038_0009_0137_0137.jpg 1 38 9 137 137
1287_0044_0044_0137_0137.jpg 1 44 44 137 137
1288_0102_0034_0078_0078.jpg 1 102 34 78 78
1289_0086_0090_0097_0097.jpg 1 86 90 97 97
1290_0060_0080_0077_0077.jpg 1 60 80 77 77
1291_0007_0025_0133_0133.jpg 1 7 25 133 133
1292_0111_0044_0047_0047.jpg 1 111 44 47 47
1293_0017_0108_0069_0069.jpg 1 17 108 69 69
1294_0148_0046_0034_0034.jpg 1 148 46 34 34
1295_0061_0052_0110_0110.jpg 1 61 52 110 110
1296_0030_0034_0106_0106.jpg 1 30 34 106 106
1297_0087_0144_0030_0030.jpg 1 87 144 30 30
1298_0108_0022_0024_0024.jpg 1 108 22 24 24
1299_0077_0042_0104_0104.jpg 1 77 42 104 104
1300_0116_0121_0028_0028.jpg 1 116 121 28 28
1301_0029_0026_0117_0117.jpg 1 29 26 117 117
1302_0030_0051_0089_0089.jpg 1 30 51 89 89
1303_0053_0028_0138_0138.jpg 1 53 28 138 138
1304_0088_0066_0091_0091.jpg 1 88 66 91 91
1305_0044_0035_0075_0075.jpg 1 44 35 75 75
1306_0030_0099_0069_0069.jpg 1 30 99 69 69
1307_0064_0015_0072_0072.jpg 1 64 15 72 72
1308_0037_0015_0075_0075.jpg 1 37 15 75 75
1309_0078_0026_0038_0038.jpg 1 78 26 38 38
1310_0088_0023_0089_0089.jpg 1 88 23 89 89
1311_0080_0018_0108_0108.jpg 1 80 18 108 108
1312_0066_0050_0094_0094.jpg 1 66 50 94 94
1313_0034_0055_0125_0125.jpg 1 34 55 125 125
1314_0069_0049_0043_0043.jpg 1 69 49 43 43
1315_0076_0088_0098_0098.jpg 1 76 88 98 98
1316_0135_0055_0026_0026.jpg 1 135 55 26 26
1317_0082_0063_0053_0053.jpg 1 82 63 53 53
1318_0086_0111_0059_0059.jpg 1 86 111 59 59
1319_0037_0130_0030_0030.jpg 1 37 130 30 30
1320_0026_0040_0115_0115.jpg 1 26 40 115 115
1321_0058_0130_0046_0046.jpg 1 58 130 46 46
1322_0021_0074_0097_0097.jpg 1 21 74 97 97
1323_0025_0105_0052_0052.jpg 1 25 105 52 52
1324_0073_0057_0081_0081.jpg 1 73 57 81 81
1325_0022_0132_0027_0027.jpg 1 22 132 27 27
1326_0052_0109_0064_0064.jpg 1 52 109 64 64
1327_0136_0136_0032_0032.jpg 1 136 136 32 32
1328_0032_0015_0127_0127.jpg 1 32 15 127 127
1329_0014_0108_0068_0068.jpg 1 14 108 68 68
1330_0019_0055_0137_0137.jpg 1 19 55 137 137
1331_0031_0108_0047_0047.jpg 1 31 108 47 47
1332_0150_0017_0032_0032.jpg 1 150 17 32 32
1333_0060_0067_0070_0070.jpg 1 60 67 70 70
1334_0083_0044_0073_0073.jpg 1 83 44 73 73
1335_0011_0019_0101_0101.jpg 1 11 19 101 101
1336_0121_0149_0024_0024.jpg 1 121 149 24 24
1337_0064_0139_0028_0028.jpg 1 64 139 28 28
1338_0052_0053_0100_0100.jpg 1 52 53 100 100
1339_0038_0086_0037_0037.jpg 1 38 86 37 37
1340_0066_0079_0103_0103.jpg 1 66 79 103 103
1341_0016_0019_0034_0034.jpg 1 16 19 34 34
1342_0022_0076_0102_0102.jpg 1 22 76 102 102
1343_0062_0023_0092_0092.jpg 1 62 23 92 92
1344_0031_0115_0068_0068.jpg 1 31 115 68 68
1345_0112_0043_0033_0033.jpg 1 112 43 33 33
1346_0070_0022_0092_0092.jpg 1 70 22 92 92
1347_0011_0013_0138_0138.jpg 1 11 13 138 138
1348_0043_0083_0047_0047.jpg 1 43 83 47 47
1349_0084_0040_0105_0105.jpg 1 84 40 105 105
1350_0063_0070_0099_0099.jpg 1 63 70 99 99
1351_0089_0087_0065_0065.jpg 1 89 87 65 65
1352_0126_0093_0032_0032.jpg 1 126 93 32 32
1353_0056_0034_0116_0116.jpg 1 56 34 116 116
1354_0053_0008_0122_0122.jpg 1 53 8 122 122
1355_0038_0015_0072_0072.jpg 1 38 15 72 72
1356_0058_0089_0048_0048.jpg 1 58 89 48 48
1357_0010_0049_0121_0121.jpg 1 10 49 121 121
1358_0042_0019_0115_0115.jpg 1 42 19 115 115
1359_0078_0038_0077_0077.jpg 1 78 38 77 77
1360_0024_0016_0122_0122.jpg 1 24 16 122 122
1361_0028_0099_0044_0044.jpg 1 28 99 44 44
1362_0047_0011_0130_0130.jpg 1 47 11 130 130
1363_0068_0040_0058_0058.jpg 1 68 40 58 58
1364_0129_0028_0035_0035.jpg 1 129 28 35 35
1365_0105_0092_0043_0043.jpg 1 105 92 43 43
1366_0016_0133_0050_0050.jpg 1 16 133 50 50
1367_0012_0046_0078_0078.jpg 1 12 46 78 78
1368_0042_0122_0042_0042.jpg 1 42 122 42 42
1369_0020_0043_0058_0058.jpg 1 20 43 58 58
1370_0056_0056_0101_0101.jpg 1 56 56 101 101
1371_0041_0043_0116_0116.jpg 1 41 43 116 116
1372_0043_0036_0119_0119.jpg 1 43 36 119 119
1373_0041_0079_0065_0065.jpg 1 41 79 65 65
1374_0114_0099_0071_0071.jpg 1 114 99 71 71
1375_0064_0054_0118_0118.jpg 1 64 54 118 118
1376_0053_0031_0095_0095.jpg 1 53 31 95 95
1377_0079_0110_0054_0054.jpg 1 79 110 54 54
1378_0063_0036_0065_0065.jpg 1 63 36 65 65
1379_0036_0027_0033_0033.jpg 1 36 27 33 33
1380_0027_0082_0085_0085.jpg 1 27 82 85 85
1381_0062_0049_0051_0051.jpg 1 62 49 51 51
1382_0021_0033_0061_0061.jpg 1 21 33 61 61
1383_0043_0058_0034_0034.jpg 1 43 58 34 34
1384_0123_0074_0030_0030.jpg 1 123 74 30 30
1385_0029_0035_0103_0103.jpg 1 29 35 103 103
1386_0109_0079_0025_0025.jpg 1 109 79 25 25
1387_0093_0051_0079_0079.jpg 1 93 51 79 79
1388_0127_0014_0054_0054.jpg 1 127 14 54 54
1389_0037_0076_0112_0112.jpg 1 37 76 112 112
1390_0115_0038_0069_0069.jpg 1 115 38 69 69
1391_0062_0087_0056_0056.jpg 1 62 87 56 56
1392_0115_0093_0034_0034.jpg 1 115 93 34 34
1393_0077_0080_0034_0034.jpg 1 77 80 34 34
1394_0026_0036_0083_0083.jpg 1 26 36 83 83
1395_0104_0094_0060_0060.jpg 1 104 94 60 60
1396_0089_0023_0089_0089.jpg 1 89 23 89 89
1397_0016_0092_0096_0096.jpg 1 16 92 96 96
1398_0063_0037_0097_0097.jpg 1 63 37 97 97
1399_0053_0068_0059_0059.jpg 1 53 68 59 59
1400_0013_0064_0068_0068.jpg 1 13 64 68 68
1401_0037_0022_0118_0118.jpg 1 37 22 118 118
1402_0077_0047_0079_0079.jpg 1 77 47 79 79
1403_0114_0079_0036_0036.jpg 1 114 79 36 36
1404_0101_0120_0057_0057.jpg 1 101 120 57 57
1405_0033_0017_0119_0119.jpg 1 33 17 119 119
1406_0052_0072_0091_0091.jpg 1 52 72 91 91
1407_0113_0120_0050_0050.jpg 1 113 120 50 50
1408_0079_0096_0051_0051.jpg 1 79 96 51 51
1409_0036_0028_0134_0134.jpg 1 36 28 134 134
1410_0018_0025_0138_0138.jpg 1 18 25 138 138
1411_0019_0031_0119_0119.jpg 1 19 31 119 119
1412_0104_0080_0048_0048.jpg 1 104 80 48 48
1413_0030_0044_0079_0079.jpg 1 30 44 79 79
1414_0075_0078_0099_0099.jpg 1 75 78 99 99
1415_0088_0070_0057_0057.jpg 1 88 70 57 57
1416_0066_0049_0112_0112.jpg 1 66 49 112 112
1417_0106_0091_0024_0024.jpg 1 106 91 24 24
1418_0027_0096_0068_0068.jpg 1 27 96 68 68
1419_0030_0094_0049_0049.jpg 1 30 94 49 49
1420_0028_0095_0077_0077.jpg 1 28 95 77 77
1421_0029_0017_0134_0134.jpg 1 29 17 134 134
1422_0018_0104_0077_0077.jpg 1 18 104 77 77
1423_0081_0031_0096_0096.jpg 1 81 31 96 96
1424_0024_0021_0132_0132.jpg 1 24 21 132 132
1425_0094_0042_0027_0027.jpg 1 94 42 27 27
1426_0034_0056_0130_0130.jpg 1 34 56 130 130
1427_0065_0071_0102_0102.jpg 1 65 71 102 102
1428_0110_0071_0062_0062.jpg 1 110 71 62 62
1429_0048_0095_0059_0059.jpg 1 48 95 59 59
1430_0035_0082_0084_0084.jpg 1 35 82 84 84
1431_0031_0093_0038_0038.jpg 1 31 93 38 38
1432_0079_0030_0107_0107.jpg 1 79 30 107 107
1433_0045_0064_0120_0120.jpg 1 45 64 120 120
1434_0049_0063_0061_0061.jpg 1 49 63 61 61
1435_0090_0139_0028_0028.jpg 1 90 139 28 28
1436_0142_0136_0035_0035.jpg 1 142 136 35 35
1437_0037_0028_0095_0095.jpg 1 37 28 95 95
1438_0122_0018_0052_0052.jpg 1 122 18 52 52
1439_0100_0066_0047_0047.jpg 1 100 66 47 47
1440_0137_0070_0034_0034.jpg 1 137 70 34 34
1441_0026_0021_0087_0087.jpg 1 26 21 87 87
1442_0036_0047_0135_0135.jpg 1 36 47 135 135
1443_0144_0128_0037_0037.jpg 1 144 128 37 37
1444_0044_0045_0106_0106.jpg 1 44 45 106 106
1445_0035_0075_0095_0095.jpg 1 35 75 95 95
1446_0103_0132_0042_0042.jpg 1 103 132 42 42
1447_0013_0044_0108_0108.jpg 1 13 44 108 108
1448_0015_0037_0051_0051.jpg 1 15 37 51 51
1449_0039_0015_0089_0089.jpg 1 39 15 89 89
1450_0028_0007_0130_0130.jpg 1 28 7 130 130
1451_0046_0031_0031_0031.jpg 1 46 31 31 31
1452_0071_0081_0085_0085.jpg 1 71 81 85 85
1453_0048_0025_0136_0136.jpg 1 48 25 136 136
1454_0069_0085_0084_0084.jpg 1 69 85 84 84
1455_0038_0048_0114_0114.jpg 1 38 48 114 114
1456_0011_0057_0082_0082.jpg 1 11 57 82 82
1457_0024_0085_0033_0033.jpg 1 24 85 33 33
1458_0083_0071_0027_0027.jpg 1 83 71 27 27
1459_0056_0121_0035_0035.jpg 1 56 121 35 35
1460_0039_0050_0099_0099.jpg 1 39 50 99 99
1461_0052_0030_0118_0118.jpg 1 52 30 118 118
1462_0096_0041_0087_0087.jpg 1 96 41 87 87
1463_0074_0019_0117_0117.jpg 1 74 19 117 117
1464_0045_0033_0110_0110.jpg 1 45 33 110 110
1465_0034_0024_0083_0083.jpg 1 34 24 83 83
1466_0152_0072_0029_0029.jpg 1 152 72 29 29
1467_0039_0097_0039_0039.jpg 1 39 97 39 39
1468_0075_0062_0057_0057.jpg 1 75 62 57 57
1469_0031_0074_0083_0083.jpg 1 31 74 83 83
1470_0050_0048_0030_0030.jpg 1 50 48 30 30
1471_0024_0016_0136_0136.jpg 1 24 16 136 136
1472_0140_0108_0039_0039.jpg 1 140 108 39 39
1473_0039_0087_0098_0098.jpg 1 39 87 98 98
1474_0074_0123_0056_0056.jpg 1 74 123 56 56
1475_0039_0102_0047_0047.jpg 1 39 102 47 47
1476_0035_0124_0058_0058.jpg 1 35 124 58 58
1477_0061_0096_0070_0070.jpg 1 61 96 70 70
1478_0036_0044_0138_0138.jpg 1 36 44 138 138
1479_0067_0051_0124_0124.jpg 1 67 51 124 124
1480_0041_0050_0087_0087.jpg 1 41 50 87 87
1481_0043_0053_0078_0078.jpg 1 43 53 78 78
1482_0042_0102_0061_0061.jpg 1 42 102 61 61
1483_0035_0061_0112_0112.jpg 1 35 61 112 112
1484_0094_0079_0035_0035.jpg 1 94 79 35 35
1485_0070_0059_0078_0078.jpg 1 70 59 78 78
1486_0103_0038_0073_0073.jpg 1 103 38 73 73
1487_0127_0139_0045_0045.jpg 1 127 139 45 45
1488_0105_0072_0076_0076.jpg 1 105 72 76 76
1489_0056_0075_0052_0052.jpg 1 56 75 52 52
1490_0046_0069_0117_0117.jpg 1 46 69 117 117
1491_0022_0104_0067_0067.jpg 1 22 104 67 67
1492_0035_0037_0061_0061.jpg 1 35 37 61 61
1493_0097_0043_0073_0073.jpg 1 97 43 73 73
1494_0088_0022_0100_0100.jpg 1 88 22 100 100
1495_0099_0068_0067_0067.jpg 1 99 68 67 67
1496_0044_0018_0098_0098.jpg 1 44 18 98 98
1497_0040_0039_0123_0123.jpg 1 40 39 123 123
1498_0093_0092_0092_0092.jpg 1 93 92 92 92
1499_0013_0032_0125_0125.jpg 1 13 32 125 125
1500_0038_0027_0059_0059.jpg 1 38 27 59 59
1501_0087_0117_0056_0056.jpg 1 87 117 56 56
1502_0082_0081_0062_0062.jpg 1 82 81 62 62
1503_0063_0045_0106_0106.jpg 1 63 45 106 106
1504_0117_0137_0029_0029.jpg 1 117 137 29 29
1505_0062_0025_0075_0075.jpg 1 62 25 75 75
1506_0074_0050_0108_0108.jpg 1 74 50 108 108
1507_0078_0067_0040_0040.jpg 1 78 67 40 40
1508_0077_0049_0113_0113.jpg 1 77 49 113 113
1509_0120_0046_0061_0061.jpg 1 120 46 61 61
1510_0018_0025_0120_0120.jpg 1 18 25 120 120
1511_0037_0069_0112_0112.jpg 1 37 69 112 112
1512_0076_0066_0105_0105.jpg 1 76 66 105 105
1513_0087_0063_0091_0091.jpg 1 87 63 91 91
1514_0023_0128_0043_0043.jpg 1 23 128 43 43
1515_0041_0050_0134_0134.jpg 1 41 50 134 134
1516_0010_0033_0099_0099.jpg 1 10 33 99 99
1517_0129_0119_0040_0040.jpg 1 129 119 40 40
1518_0027_0065_0079_0079.jpg 1 27 65 79 79
1519_0062_0014_0113_0113.jpg 1 62 14 113 113
1520_0015_0076_0053_0053.jpg 1 15 76 53 53
1521_0029_0021_0134_0134.jpg 1 29 21 134 134
1522_0047_0034_0135_0135.jpg 1 47 34 135 135
1523_0050_0048_0121_0121.jpg 1 50 48 121 121
1524_0127_0127_0038_0038.jpg 1 127 127 38 38
1525_0073_0109_0060_0060.jpg 1 73 109 60 60
1526_0021_0009_0131_0131.jpg 1 21 9 131 131
1527_0094_0144_0034_0034.jpg 1 94 144 34 34
1528_0092_0093_0083_0083.jpg 1 92 93 83 83
1529_0083_0085_0060_0060.jpg 1 83 85 60 60
1530_0055_0094_0027_0027.jpg 1 55 94 27 27
1531_0033_0079_0048_0048.jpg 1 33 79 48 48
1532_0067_0063_0045_0045.jpg 1 67 63 45 45
1533_0040_0042_0070_0070.jpg 1 40 42 70 70
1534_0091_0128_0055_0055.jpg 1 91 128 55 55
1535_0082_0023_0047_0047.jpg 1 82 23 47 47
1536_0072_0036_0099_0099.jpg 1 72 36 99 99
1537_0127_0127_0052_0052.jpg 1 127 127 52 52
1538_0030_0029_0133_0133.jpg 1 30 29 133 133
1539_0060_0067_0125_0125.jpg 1 60 67 125 125
1540_0072_0048_0105_0105.jpg 1 72 48 105 105
1541_0089_0020_0099_0099.jpg 1 89 20 99 99
1542_0020_0017_0134_0134.jpg 1 20 17 134 134
1543_0027_0062_0047_0047.jpg 1 27 62 47 47
1544_0039_0056_0131_0131.jpg 1 39 56 131 131
1545_0064_0050_0105_0105.jpg 1 64 50 105 105
1546_0121_0090_0053_0053.jpg 1 121 90 53 53
1547_0104_0092_0059_0059.jpg 1 104 92 59 59
1548_0043_0030_0069_0069.jpg 1 43 30 69 69
1549_0041_0025_0066_0066.jpg 1 41 25 66 66
1550_0077_0065_0097_0097.jpg 1 77 65 97 97
1551_0025_0028_0131_0131.jpg 1 25 28 131 131
1552_0088_0078_0092_0092.jpg 1 88 78 92 92
1553_0028_0065_0122_0122.jpg 1 28 65 122 122
1554_0111_0037_0055_0055.jpg 1 111 37 55 55
1555_0041_0104_0031_0031.jpg 1 41 104 31 31
1556_0037_0011_0119_0119.jpg 1 37 11 119 119
1557_0085_0135_0049_0049.jpg 1 85 135 49 49
1558_0044_0058_0109_0109.jpg 1 44 58 109 109
1559_0026_0137_0044_0044.jpg 1 26 137 44 44
1560_0088_0142_0041_0041.jpg 1 88 142 41 41
1561_0028_0068_0058_0058.jpg 1 28 68 58 58
1562_0040_0036_0063_0063.jpg 1 40 36 63 63
1563_0088_0052_0083_0083.jpg 1 88 52 83 83
1564_0016_0047_0047_0047.jpg 1 16 47 47 47
1565_0089_0040_0030_0030.jpg 1 89 40 30 30
1566_0086_0022_0024_0024.jpg 1 86 22 24 24
1567_0026_0032_0089_0089.jpg 1 26 32 89 89
1568_0070_0061_0117_0117.jpg 1 70 61 117 117
1569_0089_0117_0050_0050.jpg 1 89 117 50 50
1570_0023_0098_0090_0090.jpg 1 23 98 90 90
1571_0026_0039_0135_0135.jpg 1 26 39 135 135
1572_0071_0092_0073_0073.jpg 1 71 92 73 73
1573_0102_0026_0033_0033.jpg 1 102 26 33 33
1574_0064_0098_0082_0082.jpg 1 64 98 82 82
1575_0021_0063_0111_0111.jpg 1 21 63 111 111
1576_0079_0106_0042_0042.jpg 1 79 106 42 42
1577_0048_0094_0045_0045.jpg 1 48 94 45 45
1578_0056_0102_0027_0027.jpg 1 56 102 27 27
1579_0065_0081_0052_0052.jpg 1 65 81 52 52
1580_0046_0092_0030_0030.jpg 1 46 92 30 30
1581_0070_0062_0097_0097.jpg 1 70 62 97 97
1582_0077_0060_0099_0099.jpg 1 77 60 99 99
1583_0048_0115_0026_0026.jpg 1 48 115 26 26
1584_0065_0025_0074_0074.jpg 1 65 25 74 74
1585_0130_0080_0055_0055.jpg 1 130 80 55 55
1586_0065_0068_0032_0032.jpg 1 65 68 32 32
1587_0071_0029_0067_0067.jpg 1 71 29 67 67
1588_0022_0035_0133_0133.jpg 1 22 35 133 133
1589_0055_0100_0046_0046.jpg 1 55 100 46 46
1590_0115_0107_0061_0061.jpg 1 115 107 61 61
1591_0099_0035_0062_0062.jpg 1 99 35 62 62
1592_0032_0036_0058_0058.jpg 1 32 36 58 58
1593_0012_0046_0117_0117.jpg 1 12 46 117 117
1594_0035_0050_0086_0086.jpg 1 35 50 86 86
1595_0045_0128_0054_0054.jpg 1 45 128 54 54
1596_0115_0073_0059_0059.jpg 1 115 73 59 59
1597_0044_0018_0099_0099.jpg 1 44 18 99 99
1598_0050_0037_0055_0055.jpg 1 50 37 55 55
1599_0089_0065_0094_0094.jpg 1 89 65 94 94
1600_0026_0050_0110_0110.jpg 1 26 50 110 110
1601_0020_0033_0129_0129.jpg 1 20 33 129 129
1602_0034_0085_0050_0050.jpg 1 34 85 50 50
1603_0029_0103_0085_0085.jpg 1 29 103 85 85
1604_0091_0076_0089_0089.jpg 1 91 76 89 89
1605_0023_0018_0123_0123.jpg 1 23 18 123 123
1606_0114_0118_0043_0043.jpg 1 114 118 43 43
1607_0013_0014_0089_0089.jpg 1 13 14 89 89
1608_0130_0141_0040_0040.jpg 1 130 141 40 40
1609_0043_0029_0097_0097.jpg 1 43 29 97 97
1610_0050_0013_0075_0075.jpg 1 50 13 75 75
1611_0035_0112_0049_0049.jpg 1 35 112 49 49
1612_0030_0023_0119_0119.jpg 1 30 23 119 119
1613_0018_0057_0054_0054.jpg 1 18 57 54 54
1614_0028_0031_0136_0136.jpg 1 28 31 136 136
1615_0051_0099_0062_0062.jpg 1 51 99 62 62
1616_0083_0030_0081_0081.jpg 1 83 30 81 81
1617_0062_0025_0101_0101.jpg 1 62 25 101 101
1618_0086_0035_0085_0085.jpg 1 86 35 85 85
1619_0046_0096_0025_0025.jpg 1 46 96 25 25
1620_0089_0092_0048_0048.jpg 1 89 92 48 48
1621_0046_0095_0081_0081.jpg 1 46 95 81 81
1622_0113_0023_0031_0031.jpg 1 113 23 31 31
1623_0072_0070_0079_0079.jpg 1 72 70 79 79
1624_0069_0060_0097_0097.jpg 1 69 60 97 97
1625_0057_0069_0118_0118.jpg 1 57 69 118 118
1626_0070_0066_0037_0037.jpg 1 70 66 37 37
1627_0093_0051_0057_0057.jpg 1 93 51 57 57
1628_0027_0019_0135_0135.jpg 1 27 19 135 135
1629_0026_0048_0128_0128.jpg 1 26 48 128 128
1630_0050_0081_0049_0049.jpg 1 50 81 49 49
1631_0016_0023_0095_0095.jpg 1 16 23 95 95
1632_0048_0027_0100_0100.jpg 1 48 27 100 100
1633_0131_0088_0053_0053.jpg 1 131 88 53 53
1634_0078_0072_0109_0109.jpg 1 78 72 109 109
1635_0017_0080_0073_0073.jpg 1 17 80 73 73
1636_0035_0054_0132_0132.jpg 1 35 54 132 132
1637_0016_0033_0132_0132.jpg 1 16 33 132 132
1638_0061_0044_0102_0102.jpg 1 61 44 102 102
1639_0044_0139_0039_0039.jpg 1 44 139 39 39
1640_0126_0089_0056_0056.jpg 1 126 89 56 56
1641_0019_0036_0105_0105.jpg 1 19 36 105 105
1642_0042_0096_0036_0036.jpg 1 42 96 36 36
1643_0104_0140_0040_0040.jpg 1 104 140 40 40
1644_0042_0047_0107_0107.jpg 1 42 47 107 107
1645_0013_0038_0078_0078.jpg 1 13 38 78 78
1646_0051_0024_0106_0106.jpg 1 51 24 106 106
1647_0068_0022_0092_0092.jpg 1 68 22 92 92
1648_0128_0115_0027_0027.jpg 1 128 115 27 27
1649_0023_0082_0093_0093.jpg 1 23 82 93 93
1650_0073_0117_0059_0059.jpg 1 73 117 59 59
1651_0020_0046_0113_0113.jpg 1 20 46 113 113
1652_0061_0091_0079_0079.jpg 1 61 91 79 79
1653_0100_0121_0050_0050.jpg 1 100 121 50 50
1654_0057_0057_0073_0073.jpg 1 57 57 73 73
1655_0101_0024_0078_0078.jpg 1 101 24 78 78
1656_0060_0041_0103_0103.jpg 1 60 41 103 103
1657_0046_0018_0135_0135.jpg 1 46 18 135 135
1658_0055_0054_0039_0039.jpg 1 55 54 39 39
1659_0020_0054_0116_0116.jpg 1 20 54 116 116
1660_0071_0046_0120_0120.jpg 1 71 46 120 120
1661_0062_0103_0071_0071.jpg 1 62 103 71 71
1662_0013_0011_0139_0139.jpg 1 13 11 139 139
1663_0129_0118_0053_0053.jpg 1 129 118 53 53
1664_0047_0087_0087_0087.jpg 1 47 87 87 87
1665_0042_0043_0117_0117.jpg 1 42 43 117 117
1666_0088_0088_0087_0087.jpg 1 88 88 87 87
1667_0057_0034_0111_0111.jpg 1 57 34 111 111
1668_0111_0044_0047_0047.jpg 1 111 44 47 47
1669_0069_0029_0089_0089.jpg 1 69 29 89 89
1670_0089_0126_0054_0054.jpg 1 89 126 54 54
1671_0021_0013_0124_0124.jpg 1 21 13 124 124
1672_0095_0120_0057_0057.jpg 1 95 120 57 57
1673_0114_0055_0048_0048.jpg 1 114 55 48 48
1674_0066_0070_0064_0064.jpg 1 66 70 64 64
1675_0022_0051_0124_0124.jpg 1 22 51 124 124
1676_0073_0018_0110_0110.jpg 1 73 18 110 110
1677_0047_0079_0111_0111.jpg 1 47 79 111 111
1678_0055_0029_0112_0112.jpg 1 55 29 112 112
1679_0075_0096_0051_0051.jpg 1 75 96 51 51
1680_0047_0034_0135_0135.jpg 1 47 34 135 135
1681_0086_0069_0047_0047.jpg 1 86 69 47 47
1682_0108_0102_0037_0037.jpg 1 108 102 37 37
1683_0124_0056_0028_0028.jpg 1 124 56 28 28
1684_0034_0058_0123_0123.jpg 1 34 58 123 123
1685_0079_0078_0050_0050.jpg 1 79 78 50 50
1686_0031_0058_0059_0059.jpg 1 31 58 59 59
1687_0064_0071_0097_0097.jpg 1 64 71 97 97
1688_0076_0022_0113_0113.jpg 1 76 22 113 113
1689_0103_0066_0042_0042.jpg 1 103 66 42 42
1690_0031_0012_0075_0075.jpg 1 31 12 75 75
1691_0041_0060_0099_0099.jpg 1 41 60 99 99
1692_0102_0103_0075_0075.jpg 1 102 103 75 75
1693_0050_0030_0125_0125.jpg 1 50 30 125 125
1694_0021_0064_0127_0127.jpg 1 21 64 127 127
1695_0119_0028_0066_0066.jpg 1 119 28 66 66
1696_0055_0071_0120_0120.jpg 1 55 71 120 120
1697_0066_0101_0030_0030.jpg 1 66 101 30 30
1698_0041_0026_0106_0106.jpg 1 41 26 106 106
1699_0021_0054_0096_0096.jpg 1 21 54 96 96
1700_0115_0061_0055_0055.jpg 1 115 61 55 55
1701_0047_0043_0109_0109.jpg 1 47 43 109 109
1702_0050_0085_0090_0090.jpg 1 50 85 90 90
1703_0096_0096_0090_0090.jpg 1 96 96 90 90
1704_0048_0068_0067_0067.jpg 1 48 68 67 67
1705_0092_0101_0029_0029.jpg 1 92 101 29 29
1706_0112_0060_0051_0051.jpg 1 112 60 51 51
1707_0026_0067_0102_0102.jpg 1 26 67 102 102
1708_0110_0067_0053_0053.jpg 1 110 67 53 53
1709_0014_0026_0088_0088.jpg 1 14 26 88 88
1710_0055_0141_0027_0027.jpg 1 55 141 27 27
1711_0123_0131_0041_0041.jpg 1 123 131 41 41
1712_0059_0048_0133_0133.jpg 1 59 48 133 133
1713_0037_0032_0033_0033.jpg 1 37 32 33 33
1714_0132_0099_0045_0045.jpg 1 132 99 45 45
1715_0010_0023_0116_0116.jpg 1 10 23 116 116
1716_0034_0037_0119_0119.jpg 1 34 37 119 119
1717_0117_0021_0030_0030.jpg 1 117 21 30 30
1718_0055_0009_0138_0138.jpg 1 55 9 138 138
1719_0029_0012_0077_0077.jpg 1 29 12 77 77
1720_0024_0012_0113_0113.jpg 1 24 12 113 113
1721_0087_0112_0026_0026.jpg 1 87 112 26 26
1722_0049_0054_0111_0111.jpg 1 49 54 111 111
1723_0118_0143_0028_0028.jpg 1 118 143 28 28
1724_0114_0060_0064_0064.jpg 1 114 60 64 64
1725_0079_0056_0024_0024.jpg 1 79 56 24 24
1726_0018_0015_0133_0133.jpg 1 18 15 133 133
1727_0112_0058_0055_0055.jpg 1 112 58 55 55
1728_0069_0066_0110_0110.jpg 1 69 66 110 110
1729_0062_0012_0109_0109.jpg 1 62 12 109 109
1730_0041_0017_0103_0103.jpg 1 41 17 103 103
1731_0075_0119_0064_0064.jpg 1 75 119 64 64
1732_0073_0066_0090_0090.jpg 1 73 66 90 90
1733_0054_0098_0071_0071.jpg 1 54 98 71 71
1734_0115_0069_0030_0030.jpg 1 115 69 30 30
1735_0030_0044_0130_0130.jpg 1 30 44 130 130
1736_0066_0068_0051_0051.jpg 1 66 68 51 51
1737_0121_0024_0045_0045.jpg 1 121 24 45 45
1738_0033_0059_0075_0075.jpg 1 33 59 75 75
1739_0044_0036_0024_0024.jpg 1 44 36 24 24
1740_0023_0018_0137_0137.jpg 1 23 18 137 137
1741_0054_0027_0094_0094.jpg 1 54 27 94 94
1742_0104_0083_0058_0058.jpg 1 104 83 58 58
1743_0046_0080_0071_0071.jpg 1 46 80 71 71
1744_0041_0016_0076_0076.jpg 1 41 16 76 76
1745_0139_0127_0041_0041.jpg 1 139 127 41 41
1746_0132_0125_0052_0052.jpg 1 132 125 52 52
1747_0013_0051_0079_0079.jpg 1 13 51 79 79
1748_0041_0011_0136_0136.jpg 1 41 11 136 136
1749_0026_0081_0036_0036.jpg 1 26 81 36 36
1750_0035_0039_0110_0110.jpg 1 35 39 110 110
1751_0040_0074_0066_0066.jpg 1 40 74 66 66
1752_0067_0053_0104_0104.jpg 1 67 53 104 104
1753_0073_0086_0090_0090.jpg 1 73 86 90 90
1754_0081_0047_0105_0105.jpg 1 81 47 105 105
1755_0094_0096_0090_0090.jpg 1 94 96 90 90
1756_0085_0018_0104_0104.jpg 1 85 18 104 104
1757_0028_0057_0118_0118.jpg 1 28 57 118 118
1758_0125_0142_0026_0026.jpg 1 125 142 26 26
1759_0010_0025_0127_0127.jpg 1 10 25 127 127
1760_0036_0035_0111_0111.jpg 1 36 35 111 111
1761_0012_0030_0104_0104.jpg 1 12 30 104 104
1762_0127_0051_0044_0044.jpg 1 127 51 44 44
1763_0042_0059_0131_0131.jpg 1 42 59 131 131
1764_0017_0018_0104_0104.jpg 1 17 18 104 104
1765_0044_0016_0134_0134.jpg 1 44 16 134 134
1766_0043_0094_0072_0072.jpg 1 43 94 72 72
1767_0052_0040_0103_0103.jpg 1 52 40 103 103
1768_0028_0086_0070_0070.jpg 1 28 86 70 70
1769_0027_0024_0102_0102.jpg 1 27 24 102 102
1770_0022_0015_0075_0075.jpg 1 22 15 75 75
1771_0060_0056_0033_0033.jpg 1 60 56 33 33
1772_0041_0135_0031_0031.jpg 1 41 135 31 31
1773_0088_0125_0055_0055.jpg 1 88 125 55 55
1774_0039_0075_0108_0108.jpg 1 39 75 108 108
1775_0051_0053_0106_0106.jpg 1 51 53 106 106
1776_0046_0021_0033_0033.jpg 1 46 21 33 33
1777_0060_0053_0062_0062.jpg 1 60 53 62 62
1778_0128_0061_0038_0038.jpg 1 128 61 38 38
1779_0087_0053_0027_0027.jpg 1 87 53 27 27
1780_0026_0016_0139_0139.jpg 1 26 16 139 139
1781_0034_0109_0067_0067.jpg 1 34 109 67 67
1782_0048_0013_0135_0135.jpg 1 48 13 135 135
1783_0041_0062_0117_0117.jpg 1 41 62 117 117
1784_0067_0052_0090_0090.jpg 1 67 52 90 90
1785_0059_0047_0106_0106.jpg 1 59 47 106 106
1786_0019_0041_0138_0138.jpg 1 19 41 138 138
1787_0036_0065_0080_0080.jpg 1 36 65 80 80
1788_0117_0042_0028_0028.jpg 1 117 42 28 28
1789_0122_0152_0024_0024.jpg 1 122 152 24 24
1790_0104_0107_0041_0041.jpg 1 104 107 41 41
1791_0018_0030_0074_0074.jpg 1 18 30 74 74
1792_0116_0073_0041_0041.jpg 1 116 73 41 41
1793_0008_0057_0136_0136.jpg 1 8 57 136 136
1794_0060_0061_0046_0046.jpg 1 60 61 46 46
1795_0060_0066_0117_0117.jpg 1 60 66 117 117
1796_0054_0120_0062_0062.jpg 1 54 120 62 62
1797_0095_0048_0026_0026.jpg 1 95 48 26 26
1798_0051_0036_0123_0123.jpg 1 51 36 123 123
1799_0046_0056_0076_0076.jpg 1 46 56 76 76
1800_0028_0022_0131_0131.jpg 1 28 22 131 131
1801_0084_0047_0097_0097.jpg 1 84 47 97 97
1802_0019_0035_0050_0050.jpg 1 19 35 50 50
1803_0070_0045_0112_0112.jpg 1 70 45 112 112
1804_0088_0048_0081_0081.jpg 1 88 48 81 81
1805_0068_0044_0078_0078.jpg 1 68 44 78 78
1806_0048_0078_0084_0084.jpg 1 48 78 84 84
1807_0026_0077_0083_0083.jpg 1 26 77 83 83
1808_0050_0093_0083_0083.jpg 1 50 93 83 83
1809_0013_0088_0067_0067.jpg 1 13 88 67 67
1810_0124_0026_0036_0036.jpg 1 124 26 36 36
1811_0014_0088_0079_0079.jpg 1 14 88 79 79
1812_0065_0030_0083_0083.jpg 1 65 30 83 83
1813_0100_0138_0034_0034.jpg 1 100 138 34 34
1814_0028_0044_0123_0123.jpg 1 28 44 123 123
1815_0010_0014_0100_0100.jpg 1 10 14 100 100
1816_0026_0120_0061_0061.jpg 1 26 120 61 61
1817_0053_0023_0064_0064.jpg 1 53 23 64 64
1818_0071_0062_0031_0031.jpg 1 71 62 31 31
1819_0076_0075_0073_0073.jpg 1 76 75 73 73
1820_0114_0126_0035_0035.jpg 1 114 126 35 35
1821_0049_0066_0116_0116.jpg 1 49 66 116 116
1822_0025_0028_0060_0060.jpg 1 25 28 60 60
1823_0070_0064_0108_0108.jpg 1 70 64 108 108
1824_0104_0082_0050_0050.jpg 1 104 82 50 50
1825_0054_0014_0136_0136.jpg 1 54 14 136 136
1826_0067_0046_0090_0090.jpg 1 67 46 90 90
1827_0055_0047_0069_0069.jpg 1 55 47 69 69
1828_0033_0027_0137_0137.jpg 1 33 27 137 137
1829_0092_0014_0087_0087.jpg 1 92 14 87 87
1830_0078_0064_0025_0025.jpg 1 78 64 25 25
1831_0051_0012_0112_0112.jpg 1 51 12 112 112
1832_0035_0026_0092_0092.jpg 1 35 26 92 92
1833_0102_0081_0032_0032.jpg 1 102 81 32 32
1834_0020_0061_0101_0101.jpg 1 20 61 101 101
1835_0089_0099_0060_0060.jpg 1 89 99 60 60
1836_0014_0023_0132_0132.jpg 1 14 23 132 132
1837_0110_0025_0053_0053.jpg 1 110 25 53 53
1838_0068_0064_0121_0121.jpg 1 68 64 121 121
1839_0031_0074_0115_0115.jpg 1 31 74 115 115
1840_0076_0114_0027_0027.jpg 1 76 114 27 27
1841_0022_0022_0118_0118.jpg 1 22 22 118 118
1842_0028_0019_0103_0103.jpg 1 28 19 103 103
1843_0053_0026_0109_0109.jpg 1 53 26 109 109
1844_0099_0023_0080_0080.jpg 1 99 23 80 80
1845_0051_0048_0138_0138.jpg 1 51 48 138 138
1846_0107_0073_0046_0046.jpg 1 107 73 46 46
1847_0108_0058_0067_0067.jpg 1 108 58 67 67
1848_0069_0061_0041_0041.jpg 1 69 61 41 41
1849_0079_0113_0066_0066.jpg 1 79 113 66 66
1850_0036_0016_0111_0111.jpg 1 36 16 111 111
1851_0071_0062_0087_0087.jpg 1 71 62 87 87
1852_0045_0009_0137_0137.jpg 1 45 9 137 137
1853_0070_0086_0095_0095.jpg 1 70 86 95 95
1854_0082_0022_0067_0067.jpg 1 82 22 67 67
1855_0076_0108_0071_0071.jpg 1 76 108 71 71
1856_0128_0112_0047_0047.jpg 1 128 112 47 47
1857_0112_0095_0073_0073.jpg 1 112 95 73 73
1858_0056_0029_0094_0094.jpg 1 56 29 94 94
1859_0059_0069_0060_0060.jpg 1 59 69 60 60
1860_0029_0031_0104_0104.jpg 1 29 31 104 104
1861_0039_0039_0109_0109.jpg 1 39 39 109 109
1862_0099_0048_0028_0028.jpg 1 99 48 28 28
1863_0048_0039_0125_0125.jpg 1 48 39 125 125
1864_0023_0059_0114_0114.jpg 1 23 59 114 114
1865_0020_0020_0029_0029.jpg 1 20 20 29 29
1866_0032_0034_0114_0114.jpg 1 32 34 114 114
1867_0029_0062_0094_0094.jpg 1 29 62 94 94
1868_0054_0077_0101_0101.jpg 1 54 77 101 101
1869_0046_0093_0093_0093.jpg 1 46 93 93 93
1870_0038_0085_0032_0032.jpg 1 38 85 32 32
1871_0059_0039_0126_0126.jpg 1 59 39 126 126
1872_0047_0046_0092_0092.jpg 1 47 46 92 92
1873_0081_0021_0070_0070.jpg 1 81 21 70 70
1874_0041_0127_0053_0053.jpg 1 41 127 53 53
1875_0079_0044_0109_0109.jpg 1 79 44 109 109
1876_0096_0107_0032_0032.jpg 1 96 107 32 32
1877_0067_0054_0115_0115.jpg 1 67 54 115 115
1878_0038_0077_0087_0087.jpg 1 38 77 87 87
1879_0040_0033_0101_0101.jpg 1 40 33 101 101
1880_0026_0072_0038_0038.jpg 1 26 72 38 38
1881_0018_0118_0059_0059.jpg 1 18 118 59 59
1882_0062_0016_0119_0119.jpg 1 62 16 119 119
1883_0049_0119_0051_0051.jpg 1 49 119 51 51
1884_0021_0050_0126_0126.jpg 1 21 50 126 126
1885_0112_0033_0028_0028.jpg 1 112 33 28 28
1886_0047_0029_0072_0072.jpg 1 47 29 72 72
1887_0139_0141_0043_0043.jpg 1 139 141 43 43
1888_0062_0118_0068_0068.jpg 1 62 118 68 68
1889_0018_0051_0124_0124.jpg 1 18 51 124 124
1890_0037_0043_0124_0124.jpg 1 37 43 124 124
1891_0085_0111_0065_0065.jpg 1 85 111 65 65
1892_0115_0106_0041_0041.jpg 1 115 106 41 41
1893_0086_0038_0074_0074.jpg 1 86 38 74 74
1894_0075_0122_0038_0038.jpg 1 75 122 38 38
1895_0140_0028_0041_0041.jpg 1 140 28 41 41
1896_0033_0013_0098_0098.jpg 1 33 13 98 98
1897_0023_0128_0029_0029.jpg 1 23 128 29 29
1898_0025_0047_0093_0093.jpg 1 25 47 93 93
1899_0109_0026_0025_0025.jpg 1 109 26 25 25
1900_0114_0015_0063_0063.jpg 1 114 15 63 63
1901_0050_0023_0024_0024.jpg 1 50 23 24 24
1902_0051_0031_0100_0100.jpg 1 51 31 100 100
1903_0092_0016_0090_0090.jpg 1 92 16 90 90
1904_0108_0107_0067_0067.jpg 1 108 107 67 67
1905_0038_0057_0117_0117.jpg 1 38 57 117 117
1906_0115_0092_0056_0056.jpg 1 115 92 56 56
1907_0050_0093_0061_0061.jpg 1 50 93 61 61
1908_0037_0061_0107_0107.jpg 1 37 61 107 107
1909_0040_0033_0071_0071.jpg 1 40 33 71 71
1910_0029_0032_0139_0139.jpg 1 29 32 139 139
1911_0029_0016_0130_0130.jpg 1 29 16 130 130
1912_0034_0032_0055_0055.jpg 1 34 32 55 55
1913_0072_0012_0102_0102.jpg 1 72 12 102 102
1914_0051_0025_0115_0115.jpg 1 51 25 115 115
1915_0073_0012_0091_0091.jpg 1 73 12 91 91
1916_0013_0042_0137_0137.jpg 1 13 42 137 137
1917_0022_0014_0134_0134.jpg 1 22 14 134 134
1918_0136_0118_0029_0029.jpg 1 136 118 29 29
1919_0025_0053_0076_0076.jpg 1 25 53 76 76
1920_0083_0016_0046_0046.jpg 1 83 16 46 46
1921_0022_0109_0064_0064.jpg 1 22 109 64 64
1922_0034_0103_0056_0056.jpg 1 34 103 56 56
1923_0023_0042_0111_0111.jpg 1 23 42 111 111
1924_0011_0025_0119_0119.jpg 1 11 25 119 119
1925_0060_0078_0055_0055.jpg 1 60 78 55 55
1926_0040_0083_0100_0100.jpg 1 40 83 100 100
1927_0047_0073_0113_0113.jpg 1 47 73 113 113
1928_0018_0040_0116_0116.jpg 1 18 40 116 116
1929_0063_0074_0039_0039.jpg 1 63 74 39 39
1930_0028_0029_0026_0026.jpg 1 28 29 26 26
1931_0092_0083_0041_0041.jpg 1 92 83 41 41
1932_0007_0030_0135_0135.jpg 1 7 30 135 135
1933_0013_0051_0138_0138.jpg 1 13 51 138 138
1934_0016_0030_0079_0079.jpg 1 16 30 79 79
1935_0055_0031_0058_0058.jpg 1 55 31 58 58
1936_0077_0057_0076_0076.jpg 1 77 57 76 76
1937_0084_0053_0104_0104.jpg 1 84 53 104 104
1938_0054_0009_0133_0133.jpg 1 54 9 133 133
1939_0017_0044_0099_0099.jpg 1 17 44 99 99
1940_0033_0011_0115_0115.jpg 1 33 11 115 115
1941_0020_0084_0086_0086.jpg 1 20 84 86 86
1942_0031_0057_0092_0092.jpg 1 31 57 92 92
1943_0124_0061_0055_0055.jpg 1 124 61 55 55
1944_0080_0030_0043_0043.jpg 1 80 30 43 43
1945_0061_0028_0077_0077.jpg 1 61 28 77 77
1946_0098_0064_0084_0084.jpg 1 98 64 84 84
1947_0054_0031_0121_0121.jpg 1 54 31 121 121
1948_0049_0054_0138_0138.jpg 1 49 54 138 138
1949_0015_0035_0082_0082.jpg 1 15 35 82 82
1950_0063_0109_0067_0067.jpg 1 63 109 67 67
